Log file open, 03/12/24 23:04:35
LogWindows: Failed to load 'aqProf.dll' (GetLastError=126)
LogWindows: File 'aqProf.dll' does not exist
LogWindows: Failed to load 'VtuneApi.dll' (GetLastError=126)
LogWindows: File 'VtuneApi.dll' does not exist
LogWindows: Failed to load 'VtuneApi32e.dll' (GetLastError=126)
LogWindows: File 'VtuneApi32e.dll' does not exist
LogConsoleResponse: Display: Failed to find resolution value strings in scalability ini. Falling back to default.
LogConsoleResponse: Display: Failed to find resolution value strings in scalability ini. Falling back to default.
LogInit: Display: Running engine for game: DragonDefender
LogPlatformFile: Not using cached read wrapper
LogTaskGraph: Started task graph with 5 named threads and 35 total threads with 3 sets of task threads.
LogStats: Stats thread started at 0.227102
LogICUInternationalization: ICU TimeZone Detection - Raw Offset: +7:00, Platform Override: ''
LogInit: Display: Loading text-based GConfig....
LogPluginManager: Mounting plugin MeshPainting
LogPluginManager: Mounting plugin XGEController
LogPluginManager: Mounting plugin Paper2D
LogPluginManager: Mounting plugin AISupport
LogPluginManager: Mounting plugin LiveLink
LogPluginManager: Mounting plugin LightPropagationVolume
LogPluginManager: Mounting plugin EnvironmentQueryEditor
LogPluginManager: Mounting plugin CameraShakePreviewer
LogPluginManager: Mounting plugin GameplayCameras
LogPluginManager: Mounting plugin OodleData
LogPluginManager: Mounting plugin OodleNetwork
LogPluginManager: Mounting plugin CodeLiteSourceCodeAccess
LogPluginManager: Mounting plugin AnimationSharing
LogPluginManager: Mounting plugin CLionSourceCodeAccess
LogPluginManager: Mounting plugin KDevelopSourceCodeAccess
LogPluginManager: Mounting plugin GitSourceControl
LogPluginManager: Mounting plugin NullSourceCodeAccess
LogPluginManager: Mounting plugin PerforceSourceControl
LogPluginManager: Mounting plugin PixWinPlugin
LogPluginManager: Mounting plugin PropertyAccessNode
LogPluginManager: Mounting plugin PlasticSourceControl
LogPluginManager: Mounting plugin PluginUtils
LogPluginManager: Mounting plugin RiderSourceCodeAccess
LogPluginManager: Mounting plugin SubversionSourceControl
LogPluginManager: Mounting plugin TextureFormatOodle
LogPluginManager: Mounting plugin UObjectPlugin
LogPluginManager: Mounting plugin XCodeSourceCodeAccess
LogPluginManager: Mounting plugin DatasmithContent
LogPluginManager: Mounting plugin VisualStudioCodeSourceCodeAccess
LogPluginManager: Mounting plugin VisualStudioSourceCodeAccess
LogPluginManager: Mounting plugin AssetManagerEditor
LogPluginManager: Mounting plugin VariantManagerContent
LogPluginManager: Mounting plugin CryptoKeys
LogPluginManager: Mounting plugin CurveEditorTools
LogPluginManager: Mounting plugin DataValidation
LogPluginManager: Mounting plugin FacialAnimation
LogPluginManager: Mounting plugin GameplayTagsEditor
LogPluginManager: Mounting plugin GeometryMode
LogPluginManager: Mounting plugin MacGraphicsSwitching
LogPluginManager: Mounting plugin MaterialAnalyzer
LogPluginManager: Mounting plugin MobileLauncherProfileWizard
LogPluginManager: Mounting plugin AlembicImporter
LogPluginManager: Mounting plugin PluginBrowser
LogPluginManager: Mounting plugin SpeedTreeImporter
LogPluginManager: Mounting plugin Niagara
LogPluginManager: Mounting plugin AutomationUtils
LogPluginManager: Mounting plugin LuminPlatformFeatures
LogPluginManager: Mounting plugin BackChannel
LogPluginManager: Mounting plugin ChaosCloth
LogPluginManager: Mounting plugin ChaosClothEditor
LogPluginManager: Mounting plugin ChaosNiagara
LogPluginManager: Mounting plugin ChaosEditor
LogPluginManager: Mounting plugin MagicLeap
LogPluginManager: Mounting plugin ChaosSolverPlugin
LogPluginManager: Mounting plugin CharacterAI
LogPluginManager: Mounting plugin MagicLeapLightEstimation
LogPluginManager: Mounting plugin MagicLeapMedia
LogPluginManager: Mounting plugin AndroidMedia
LogPluginManager: Mounting plugin MagicLeapPassableWorld
LogPluginManager: Mounting plugin GeometryCache
LogPluginManager: Mounting plugin MLSDK
LogPluginManager: Mounting plugin GeometryCollectionPlugin
LogPluginManager: Mounting plugin AvfMedia
LogPluginManager: Mounting plugin ImgMedia
LogPluginManager: Mounting plugin MediaCompositing
LogPluginManager: Mounting plugin GeometryProcessing
LogPluginManager: Mounting plugin MediaPlayerEditor
LogPluginManager: Mounting plugin WebMMedia
LogPluginManager: Mounting plugin WmfMedia
LogPluginManager: Mounting plugin OpenImageDenoise
LogPluginManager: Mounting plugin MotoSynth
LogPluginManager: Mounting plugin PlanarCut
LogPluginManager: Mounting plugin ProxyLODPlugin
LogPluginManager: Mounting plugin PlatformCrypto
LogPluginManager: Mounting plugin UdpMessaging
LogPluginManager: Mounting plugin TcpMessaging
LogPluginManager: Mounting plugin PythonScriptPlugin
LogPluginManager: Mounting plugin SkeletalReduction
LogPluginManager: Mounting plugin ActorSequence
LogPluginManager: Mounting plugin LevelSequenceEditor
LogPluginManager: Mounting plugin MatineeToLevelSequence
LogPluginManager: Mounting plugin TemplateSequence
LogPluginManager: Mounting plugin OnlineSubsystem
LogPluginManager: Mounting plugin OnlineSubsystemNull
LogPluginManager: Mounting plugin LauncherChunkInstaller
LogPluginManager: Mounting plugin OnlineSubsystemUtils
LogPluginManager: Mounting plugin ActorLayerUtilities
LogPluginManager: Mounting plugin AndroidDeviceProfileSelector
LogPluginManager: Mounting plugin AndroidMoviePlayer
LogPluginManager: Mounting plugin AndroidPermission
LogPluginManager: Mounting plugin AppleMoviePlayer
LogPluginManager: Mounting plugin AppleImageUtils
LogPluginManager: Mounting plugin ArchVisCharacter
LogPluginManager: Mounting plugin AssetTags
LogPluginManager: Mounting plugin AudioCapture
LogPluginManager: Mounting plugin AudioSynesthesia
LogPluginManager: Mounting plugin CableComponent
LogPluginManager: Mounting plugin ChunkDownloader
LogPluginManager: Mounting plugin CustomMeshComponent
LogPluginManager: Mounting plugin EditableMesh
LogPluginManager: Mounting plugin ExampleDeviceProfileSelector
LogPluginManager: Mounting plugin GooglePAD
LogPluginManager: Mounting plugin GoogleCloudMessaging
LogPluginManager: Mounting plugin IOSDeviceProfileSelector
LogPluginManager: Mounting plugin LinuxDeviceProfileSelector
LogPluginManager: Mounting plugin LocationServicesBPLibrary
LogPluginManager: Mounting plugin MobilePatchingUtils
LogPluginManager: Mounting plugin OpenXREyeTracker
LogPluginManager: Mounting plugin OpenXR
LogPluginManager: Mounting plugin OpenXRHandTracking
LogPluginManager: Mounting plugin PhysXVehicles
LogPluginManager: Mounting plugin PostSplashScreen
LogPluginManager: Mounting plugin PropertyAccessEditor
LogPluginManager: Mounting plugin ProceduralMeshComponent
LogPluginManager: Mounting plugin RuntimePhysXCooking
LogPluginManager: Mounting plugin SignificanceManager
LogPluginManager: Mounting plugin SoundFields
LogPluginManager: Mounting plugin Synthesis
LogPluginManager: Mounting plugin WebMMoviePlayer
LogPluginManager: Mounting plugin WindowsMoviePlayer
LogPluginManager: Mounting plugin Takes
LogPluginManager: Mounting plugin ScreenshotTools
LogPluginManager: Mounting plugin ContentBrowserAssetDataSource
LogPluginManager: Mounting plugin ContentBrowserFileDataSource
LogPluginManager: Mounting plugin ContentBrowserClassDataSource
LogPluginManager: Mounting plugin OnlineSubsystemGooglePlay
LogPluginManager: Mounting plugin OnlineSubsystemIOS
LogPluginManager: Mounting plugin OculusVR
LogPluginManager: Mounting plugin SteamVR
PixWinPlugin: PIX capture plugin failed to initialize! Check that the process is launched from PIX.
LogInit: Using libcurl 7.55.1-DEV
LogInit:  - built for x86_64-pc-win32
LogInit:  - supports SSL with OpenSSL/1.1.1
LogInit:  - supports HTTP deflate (compression) using libz 1.2.8
LogInit:  - other features:
LogInit:      CURL_VERSION_SSL
LogInit:      CURL_VERSION_LIBZ
LogInit:      CURL_VERSION_IPV6
LogInit:      CURL_VERSION_ASYNCHDNS
LogInit:      CURL_VERSION_LARGEFILE
LogInit:      CURL_VERSION_IDN
LogInit:  CurlRequestOptions (configurable via config and command line):
LogInit:  - bVerifyPeer = true  - Libcurl will verify peer certificate
LogInit:  - bUseHttpProxy = false  - Libcurl will NOT use HTTP proxy
LogInit:  - bDontReuseConnections = false  - Libcurl will reuse connections
LogInit:  - MaxHostConnections = 16  - Libcurl will limit the number of connections to a host
LogInit:  - LocalHostAddr = Default
LogInit:  - BufferSize = 65536
LogOnline: OSS: Creating online subsystem instance for: NULL
LogInit: WinSock: version 1.1 (2.2), MaxSocks=32767, MaxUdp=65467
LogOnline: OSS: TryLoadSubsystemAndSetDefault: Loaded subsystem for module [NULL]
LogOculusPluginWrapper: OculusPlugin initialized successfully
LogHMD: Failed initializing OVRPlugin 1.59.0
LogInit: Build: ++UE4+Release-4.27-CL-18319896
LogInit: Engine Version: 4.27.2-18319896+++UE4+Release-4.27
LogInit: Compatible Engine Version: 4.27.0-17155196+++UE4+Release-4.27
LogInit: Net CL: 17155196
LogInit: OS: Windows 10 (Release 2009) (), CPU: AMD Ryzen 5 3600 6-Core Processor              , GPU: NVIDIA GeForce GTX 1050 Ti
LogInit: Compiled (64-bit): Nov 30 2021 07:12:08
LogInit: Compiled with Visual C++: 19.24.28315.00
LogInit: Build Configuration: Development
LogInit: Branch Name: ++UE4+Release-4.27
LogInit: Command Line: 
LogInit: Base Directory: D:/UE_4.27/Engine/Binaries/Win64/
LogInit: Allocator: TBB
LogInit: Installed Engine Build: 1
LogDevObjectVersion: Number of dev versions registered: 29
LogDevObjectVersion:   Dev-Blueprints (B0D832E4-1F89-4F0D-ACCF-7EB736FD4AA2): 10
LogDevObjectVersion:   Dev-Build (E1C64328-A22C-4D53-A36C-8E866417BD8C): 0
LogDevObjectVersion:   Dev-Core (375EC13C-06E4-48FB-B500-84F0262A717E): 4
LogDevObjectVersion:   Dev-Editor (E4B068ED-F494-42E9-A231-DA0B2E46BB41): 40
LogDevObjectVersion:   Dev-Framework (CFFC743F-43B0-4480-9391-14DF171D2073): 37
LogDevObjectVersion:   Dev-Mobile (B02B49B5-BB20-44E9-A304-32B752E40360): 3
LogDevObjectVersion:   Dev-Networking (A4E4105C-59A1-49B5-A7C5-40C4547EDFEE): 0
LogDevObjectVersion:   Dev-Online (39C831C9-5AE6-47DC-9A44-9C173E1C8E7C): 0
LogDevObjectVersion:   Dev-Physics (78F01B33-EBEA-4F98-B9B4-84EACCB95AA2): 14
LogDevObjectVersion:   Dev-Platform (6631380F-2D4D-43E0-8009-CF276956A95A): 0
LogDevObjectVersion:   Dev-Rendering (12F88B9F-8875-4AFC-A67C-D90C383ABD29): 45
LogDevObjectVersion:   Dev-Sequencer (7B5AE74C-D270-4C10-A958-57980B212A5A): 13
LogDevObjectVersion:   Dev-VR (D7296918-1DD6-4BDD-9DE2-64A83CC13884): 3
LogDevObjectVersion:   Dev-LoadTimes (C2A15278-BFE7-4AFE-6C17-90FF531DF755): 1
LogDevObjectVersion:   Private-Geometry (6EACA3D4-40EC-4CC1-B786-8BED09428FC5): 3
LogDevObjectVersion:   Dev-AnimPhys (29E575DD-E0A3-4627-9D10-D276232CDCEA): 17
LogDevObjectVersion:   Dev-Anim (AF43A65D-7FD3-4947-9873-3E8ED9C1BB05): 15
LogDevObjectVersion:   Dev-ReflectionCapture (6B266CEC-1EC7-4B8F-A30B-E4D90942FC07): 1
LogDevObjectVersion:   Dev-Automation (0DF73D61-A23F-47EA-B727-89E90C41499A): 1
LogDevObjectVersion:   FortniteMain (601D1886-AC64-4F84-AA16-D3DE0DEAC7D6): 47
LogDevObjectVersion:   FortniteRelease (E7086368-6B23-4C58-8439-1B7016265E91): 1
LogDevObjectVersion:   Dev-Enterprise (9DFFBCD6-494F-0158-E221-12823C92A888): 10
LogDevObjectVersion:   Dev-Niagara (F2AED0AC-9AFE-416F-8664-AA7FFA26D6FC): 1
LogDevObjectVersion:   Dev-Destruction (174F1F0B-B4C6-45A5-B13F-2EE8D0FB917D): 10
LogDevObjectVersion:   Dev-Physics-Ext (35F94A83-E258-406C-A318-09F59610247C): 41
LogDevObjectVersion:   Dev-PhysicsMaterial-Chaos (B68FC16E-8B1B-42E2-B453-215C058844FE): 1
LogDevObjectVersion:   Dev-CineCamera (B2E18506-4273-CFC2-A54E-F4BB758BBA07): 1
LogDevObjectVersion:   Dev-VirtualProduction (64F58936-FD1B-42BA-BA96-7289D5D0FA4E): 1
LogDevObjectVersion:   Dev-MediaFramework (6F0ED827-A609-4895-9C91-998D90180EA4): 2
LogInit: Presizing for max 25165824 objects, including 0 objects not considered by GC, pre-allocating 0 bytes for permanent pool.
LogConfig: Applying CVar settings from Section [/Script/Engine.StreamingSettings] File [D:/Work/3th Year/Semester 2/AGD/DragonDefender/Saved/Config/Windows/Engine.ini]
LogConfig: Setting CVar [[s.MinBulkDataSizeForAsyncLoading:131072]]
LogConfig: Setting CVar [[s.AsyncLoadingThreadEnabled:0]]
LogConfig: Setting CVar [[s.EventDrivenLoaderEnabled:1]]
LogConfig: Setting CVar [[s.WarnIfTimeLimitExceeded:0]]
LogConfig: Setting CVar [[s.TimeLimitExceededMultiplier:1.5]]
LogConfig: Setting CVar [[s.TimeLimitExceededMinTime:0.005]]
LogConfig: Setting CVar [[s.UseBackgroundLevelStreaming:1]]
LogConfig: Setting CVar [[s.PriorityAsyncLoadingExtraTime:15.0]]
LogConfig: Setting CVar [[s.LevelStreamingActorsUpdateTimeLimit:5.0]]
LogConfig: Setting CVar [[s.PriorityLevelStreamingActorsUpdateExtraTime:5.0]]
LogConfig: Setting CVar [[s.LevelStreamingComponentsRegistrationGranularity:10]]
LogConfig: Setting CVar [[s.UnregisterComponentsTimeLimit:1.0]]
LogConfig: Setting CVar [[s.LevelStreamingComponentsUnregistrationGranularity:5]]
LogConfig: Setting CVar [[s.FlushStreamingOnExit:1]]
LogInit: Object subsystem initialized
LogConfig: Setting CVar [[con.DebugEarlyDefault:1]]
LogConfig: Setting CVar [[r.setres:1280x720]]
[2024.03.12-16.04.35:945][  0]LogConfig: Setting CVar [[r.VSync:0]]
[2024.03.12-16.04.35:945][  0]LogConfig: Setting CVar [[r.RHICmdBypass:0]]
[2024.03.12-16.04.35:945][  0]LogConfig: Applying CVar settings from Section [/Script/Engine.RendererSettings] File [D:/Work/3th Year/Semester 2/AGD/DragonDefender/Saved/Config/Windows/Engine.ini]
[2024.03.12-16.04.35:945][  0]LogConfig: Setting CVar [[r.GPUCrashDebugging:0]]
[2024.03.12-16.04.35:945][  0]LogConfig: Applying CVar settings from Section [/Script/Engine.RendererOverrideSettings] File [D:/Work/3th Year/Semester 2/AGD/DragonDefender/Saved/Config/Windows/Engine.ini]
[2024.03.12-16.04.35:945][  0]LogConfig: Applying CVar settings from Section [/Script/Engine.StreamingSettings] File [D:/Work/3th Year/Semester 2/AGD/DragonDefender/Saved/Config/Windows/Engine.ini]
[2024.03.12-16.04.35:945][  0]LogConfig: Setting CVar [[s.MinBulkDataSizeForAsyncLoading:131072]]
[2024.03.12-16.04.35:945][  0]LogConfig: Setting CVar [[s.AsyncLoadingThreadEnabled:0]]
[2024.03.12-16.04.35:945][  0]LogConfig: Setting CVar [[s.EventDrivenLoaderEnabled:1]]
[2024.03.12-16.04.35:945][  0]LogConfig: Setting CVar [[s.WarnIfTimeLimitExceeded:0]]
[2024.03.12-16.04.35:945][  0]LogConfig: Setting CVar [[s.TimeLimitExceededMultiplier:1.5]]
[2024.03.12-16.04.35:945][  0]LogConfig: Setting CVar [[s.TimeLimitExceededMinTime:0.005]]
[2024.03.12-16.04.35:945][  0]LogConfig: Setting CVar [[s.UseBackgroundLevelStreaming:1]]
[2024.03.12-16.04.35:945][  0]LogConfig: Setting CVar [[s.PriorityAsyncLoadingExtraTime:15.0]]
[2024.03.12-16.04.35:945][  0]LogConfig: Setting CVar [[s.LevelStreamingActorsUpdateTimeLimit:5.0]]
[2024.03.12-16.04.35:945][  0]LogConfig: Setting CVar [[s.PriorityLevelStreamingActorsUpdateExtraTime:5.0]]
[2024.03.12-16.04.35:945][  0]LogConfig: Setting CVar [[s.LevelStreamingComponentsRegistrationGranularity:10]]
[2024.03.12-16.04.35:945][  0]LogConfig: Setting CVar [[s.UnregisterComponentsTimeLimit:1.0]]
[2024.03.12-16.04.35:945][  0]LogConfig: Setting CVar [[s.LevelStreamingComponentsUnregistrationGranularity:5]]
[2024.03.12-16.04.35:945][  0]LogConfig: Setting CVar [[s.FlushStreamingOnExit:1]]
[2024.03.12-16.04.35:945][  0]LogConfig: Applying CVar settings from Section [/Script/Engine.GarbageCollectionSettings] File [D:/Work/3th Year/Semester 2/AGD/DragonDefender/Saved/Config/Windows/Engine.ini]
[2024.03.12-16.04.35:945][  0]LogConfig: Setting CVar [[gc.MaxObjectsNotConsideredByGC:1]]
[2024.03.12-16.04.35:945][  0]LogConfig: Setting CVar [[gc.SizeOfPermanentObjectPool:0]]
[2024.03.12-16.04.35:945][  0]LogConfig: Setting CVar [[gc.FlushStreamingOnGC:0]]
[2024.03.12-16.04.35:945][  0]LogConfig: Setting CVar [[gc.NumRetriesBeforeForcingGC:10]]
[2024.03.12-16.04.35:945][  0]LogConfig: Setting CVar [[gc.AllowParallelGC:1]]
[2024.03.12-16.04.35:945][  0]LogConfig: Setting CVar [[gc.TimeBetweenPurgingPendingKillObjects:61.1]]
[2024.03.12-16.04.35:945][  0]LogConfig: Setting CVar [[gc.MaxObjectsInEditor:25165824]]
[2024.03.12-16.04.35:945][  0]LogConfig: Setting CVar [[gc.IncrementalBeginDestroyEnabled:1]]
[2024.03.12-16.04.35:946][  0]LogConfig: Setting CVar [[gc.CreateGCClusters:1]]
[2024.03.12-16.04.35:946][  0]LogConfig: Setting CVar [[gc.MinGCClusterSize:5]]
[2024.03.12-16.04.35:946][  0]LogConfig: Setting CVar [[gc.ActorClusteringEnabled:0]]
[2024.03.12-16.04.35:946][  0]LogConfig: Setting CVar [[gc.BlueprintClusteringEnabled:0]]
[2024.03.12-16.04.35:946][  0]LogConfig: Setting CVar [[gc.UseDisregardForGCOnDedicatedServers:0]]
[2024.03.12-16.04.35:946][  0]LogConfig: Setting CVar [[gc.MultithreadedDestructionEnabled:1]]
[2024.03.12-16.04.35:946][  0]LogConfig: Applying CVar settings from Section [/Script/Engine.NetworkSettings] File [D:/Work/3th Year/Semester 2/AGD/DragonDefender/Saved/Config/Windows/Engine.ini]
[2024.03.12-16.04.35:946][  0]LogConfig: Applying CVar settings from Section [/Script/UnrealEd.CookerSettings] File [D:/Work/3th Year/Semester 2/AGD/DragonDefender/Saved/Config/Windows/Engine.ini]
[2024.03.12-16.04.35:970][  0]LogConfig: Applying CVar settings from Section [ViewDistanceQuality@3] File [D:/Work/3th Year/Semester 2/AGD/DragonDefender/Saved/Config/Windows/Scalability.ini]
[2024.03.12-16.04.35:970][  0]LogConfig: Setting CVar [[r.SkeletalMeshLODBias:0]]
[2024.03.12-16.04.35:970][  0]LogConfig: Setting CVar [[r.ViewDistanceScale:1.0]]
[2024.03.12-16.04.35:970][  0]LogConfig: Applying CVar settings from Section [AntiAliasingQuality@3] File [D:/Work/3th Year/Semester 2/AGD/DragonDefender/Saved/Config/Windows/Scalability.ini]
[2024.03.12-16.04.35:970][  0]LogConfig: Setting CVar [[r.PostProcessAAQuality:4]]
[2024.03.12-16.04.35:970][  0]LogConfig: Applying CVar settings from Section [ShadowQuality@3] File [D:/Work/3th Year/Semester 2/AGD/DragonDefender/Saved/Config/Windows/Scalability.ini]
[2024.03.12-16.04.35:970][  0]LogConfig: Setting CVar [[r.LightFunctionQuality:1]]
[2024.03.12-16.04.35:970][  0]LogConfig: Setting CVar [[r.ShadowQuality:5]]
[2024.03.12-16.04.35:970][  0]LogConfig: Setting CVar [[r.Shadow.CSM.MaxCascades:10]]
[2024.03.12-16.04.35:970][  0]LogConfig: Setting CVar [[r.Shadow.MaxResolution:2048]]
[2024.03.12-16.04.35:970][  0]LogConfig: Setting CVar [[r.Shadow.MaxCSMResolution:2048]]
[2024.03.12-16.04.35:970][  0]LogConfig: Setting CVar [[r.Shadow.RadiusThreshold:0.01]]
[2024.03.12-16.04.35:970][  0]LogConfig: Setting CVar [[r.Shadow.DistanceScale:1.0]]
[2024.03.12-16.04.35:970][  0]LogConfig: Setting CVar [[r.Shadow.CSM.TransitionScale:1.0]]
[2024.03.12-16.04.35:970][  0]LogConfig: Setting CVar [[r.Shadow.PreShadowResolutionFactor:1.0]]
[2024.03.12-16.04.35:970][  0]LogConfig: Setting CVar [[r.DistanceFieldShadowing:1]]
[2024.03.12-16.04.35:970][  0]LogConfig: Setting CVar [[r.DistanceFieldAO:1]]
[2024.03.12-16.04.35:970][  0]LogConfig: Setting CVar [[r.AOQuality:2]]
[2024.03.12-16.04.35:970][  0]LogConfig: Setting CVar [[r.VolumetricFog:1]]
[2024.03.12-16.04.35:970][  0]LogConfig: Setting CVar [[r.VolumetricFog.GridPixelSize:8]]
[2024.03.12-16.04.35:970][  0]LogConfig: Setting CVar [[r.VolumetricFog.GridSizeZ:128]]
[2024.03.12-16.04.35:970][  0]LogConfig: Setting CVar [[r.VolumetricFog.HistoryMissSupersampleCount:4]]
[2024.03.12-16.04.35:970][  0]LogConfig: Setting CVar [[r.LightMaxDrawDistanceScale:1]]
[2024.03.12-16.04.35:970][  0]LogConfig: Setting CVar [[r.CapsuleShadows:1]]
[2024.03.12-16.04.35:970][  0]LogConfig: Applying CVar settings from Section [PostProcessQuality@3] File [D:/Work/3th Year/Semester 2/AGD/DragonDefender/Saved/Config/Windows/Scalability.ini]
[2024.03.12-16.04.35:970][  0]LogConfig: Setting CVar [[r.MotionBlurQuality:4]]
[2024.03.12-16.04.35:970][  0]LogConfig: Setting CVar [[r.AmbientOcclusionMipLevelFactor:0.4]]
[2024.03.12-16.04.35:970][  0]LogConfig: Setting CVar [[r.AmbientOcclusionMaxQuality:100]]
[2024.03.12-16.04.35:970][  0]LogConfig: Setting CVar [[r.AmbientOcclusionLevels:-1]]
[2024.03.12-16.04.35:970][  0]LogConfig: Setting CVar [[r.AmbientOcclusionRadiusScale:1.0]]
[2024.03.12-16.04.35:970][  0]LogConfig: Setting CVar [[r.DepthOfFieldQuality:2]]
[2024.03.12-16.04.35:970][  0]LogConfig: Setting CVar [[r.RenderTargetPoolMin:400]]
[2024.03.12-16.04.35:970][  0]LogConfig: Setting CVar [[r.LensFlareQuality:2]]
[2024.03.12-16.04.35:970][  0]LogConfig: Setting CVar [[r.SceneColorFringeQuality:1]]
[2024.03.12-16.04.35:970][  0]LogConfig: Setting CVar [[r.EyeAdaptationQuality:2]]
[2024.03.12-16.04.35:970][  0]LogConfig: Setting CVar [[r.BloomQuality:5]]
[2024.03.12-16.04.35:970][  0]LogConfig: Setting CVar [[r.FastBlurThreshold:100]]
[2024.03.12-16.04.35:970][  0]LogConfig: Setting CVar [[r.Upscale.Quality:3]]
[2024.03.12-16.04.35:970][  0]LogConfig: Setting CVar [[r.Tonemapper.GrainQuantization:1]]
[2024.03.12-16.04.35:970][  0]LogConfig: Setting CVar [[r.LightShaftQuality:1]]
[2024.03.12-16.04.35:970][  0]LogConfig: Setting CVar [[r.Filter.SizeScale:1]]
[2024.03.12-16.04.35:970][  0]LogConfig: Setting CVar [[r.Tonemapper.Quality:5]]
[2024.03.12-16.04.35:970][  0]LogConfig: Setting CVar [[r.DOF.Gather.AccumulatorQuality:1        ; higher gathering accumulator quality]]
[2024.03.12-16.04.35:970][  0]LogConfig: Setting CVar [[r.DOF.Gather.PostfilterMethod:1          ; Median3x3 postfilering method]]
[2024.03.12-16.04.35:971][  0]LogConfig: Setting CVar [[r.DOF.Gather.EnableBokehSettings:0       ; no bokeh simulation when gathering]]
[2024.03.12-16.04.35:971][  0]LogConfig: Setting CVar [[r.DOF.Gather.RingCount:4                 ; medium number of samples when gathering]]
[2024.03.12-16.04.35:971][  0]LogConfig: Setting CVar [[r.DOF.Scatter.ForegroundCompositing:1    ; additive foreground scattering]]
[2024.03.12-16.04.35:971][  0]LogConfig: Setting CVar [[r.DOF.Scatter.BackgroundCompositing:2    ; additive background scattering]]
[2024.03.12-16.04.35:971][  0]LogConfig: Setting CVar [[r.DOF.Scatter.EnableBokehSettings:1      ; bokeh simulation when scattering]]
[2024.03.12-16.04.35:971][  0]LogConfig: Setting CVar [[r.DOF.Scatter.MaxSpriteRatio:0.1         ; only a maximum of 10% of scattered bokeh]]
[2024.03.12-16.04.35:971][  0]LogConfig: Setting CVar [[r.DOF.Recombine.Quality:1                ; cheap slight out of focus]]
[2024.03.12-16.04.35:971][  0]LogConfig: Setting CVar [[r.DOF.Recombine.EnableBokehSettings:0    ; no bokeh simulation on slight out of focus]]
[2024.03.12-16.04.35:971][  0]LogConfig: Setting CVar [[r.DOF.TemporalAAQuality:1                ; more stable temporal accumulation]]
[2024.03.12-16.04.35:971][  0]LogConfig: Setting CVar [[r.DOF.Kernel.MaxForegroundRadius:0.025]]
[2024.03.12-16.04.35:971][  0]LogConfig: Setting CVar [[r.DOF.Kernel.MaxBackgroundRadius:0.025]]
[2024.03.12-16.04.35:971][  0]LogConfig: Applying CVar settings from Section [TextureQuality@3] File [D:/Work/3th Year/Semester 2/AGD/DragonDefender/Saved/Config/Windows/Scalability.ini]
[2024.03.12-16.04.35:971][  0]LogConfig: Setting CVar [[r.Streaming.MipBias:0]]
[2024.03.12-16.04.35:971][  0]LogConfig: Setting CVar [[r.Streaming.AmortizeCPUToGPUCopy:0]]
[2024.03.12-16.04.35:971][  0]LogConfig: Setting CVar [[r.Streaming.MaxNumTexturesToStreamPerFrame:0]]
[2024.03.12-16.04.35:971][  0]LogConfig: Setting CVar [[r.Streaming.Boost:1]]
[2024.03.12-16.04.35:971][  0]LogConfig: Setting CVar [[r.MaxAnisotropy:8]]
[2024.03.12-16.04.35:971][  0]LogConfig: Setting CVar [[r.VT.MaxAnisotropy:8]]
[2024.03.12-16.04.35:971][  0]LogConfig: Setting CVar [[r.Streaming.LimitPoolSizeToVRAM:0]]
[2024.03.12-16.04.35:971][  0]LogConfig: Setting CVar [[r.Streaming.PoolSize:1000]]
[2024.03.12-16.04.35:971][  0]LogConfig: Setting CVar [[r.Streaming.MaxEffectiveScreenSize:0]]
[2024.03.12-16.04.35:971][  0]LogConfig: Applying CVar settings from Section [EffectsQuality@3] File [D:/Work/3th Year/Semester 2/AGD/DragonDefender/Saved/Config/Windows/Scalability.ini]
[2024.03.12-16.04.35:971][  0]LogConfig: Setting CVar [[r.TranslucencyLightingVolumeDim:64]]
[2024.03.12-16.04.35:971][  0]LogConfig: Setting CVar [[r.RefractionQuality:2]]
[2024.03.12-16.04.35:971][  0]LogConfig: Setting CVar [[r.SSR.Quality:3]]
[2024.03.12-16.04.35:971][  0]LogConfig: Setting CVar [[r.SSR.HalfResSceneColor:0]]
[2024.03.12-16.04.35:971][  0]LogConfig: Setting CVar [[r.SceneColorFormat:4]]
[2024.03.12-16.04.35:971][  0]LogConfig: Setting CVar [[r.DetailMode:2]]
[2024.03.12-16.04.35:971][  0]LogConfig: Setting CVar [[r.TranslucencyVolumeBlur:1]]
[2024.03.12-16.04.35:971][  0]LogConfig: Setting CVar [[r.MaterialQualityLevel:1 ; High quality]]
[2024.03.12-16.04.35:971][  0]LogConfig: Setting CVar [[r.AnisotropicMaterials:1]]
[2024.03.12-16.04.35:971][  0]LogConfig: Setting CVar [[r.SSS.Scale:1]]
[2024.03.12-16.04.35:971][  0]LogConfig: Setting CVar [[r.SSS.SampleSet:2]]
[2024.03.12-16.04.35:971][  0]LogConfig: Setting CVar [[r.SSS.Quality:1]]
[2024.03.12-16.04.35:971][  0]LogConfig: Setting CVar [[r.SSS.HalfRes:0]]
[2024.03.12-16.04.35:971][  0]LogConfig: Setting CVar [[r.SSGI.Quality:3]]
[2024.03.12-16.04.35:971][  0]LogConfig: Setting CVar [[r.EmitterSpawnRateScale:1.0]]
[2024.03.12-16.04.35:971][  0]LogConfig: Setting CVar [[r.ParticleLightQuality:2]]
[2024.03.12-16.04.35:971][  0]LogConfig: Setting CVar [[r.SkyAtmosphere.AerialPerspectiveLUT.FastApplyOnOpaque:1 ; Always have FastSkyLUT 1 in this case to avoid wrong sky]]
[2024.03.12-16.04.35:971][  0]LogConfig: Setting CVar [[r.SkyAtmosphere.AerialPerspectiveLUT.SampleCountMaxPerSlice:4]]
[2024.03.12-16.04.35:971][  0]LogConfig: Setting CVar [[r.SkyAtmosphere.AerialPerspectiveLUT.DepthResolution:16.0]]
[2024.03.12-16.04.35:971][  0]LogConfig: Setting CVar [[r.SkyAtmosphere.FastSkyLUT:1]]
[2024.03.12-16.04.35:971][  0]LogConfig: Setting CVar [[r.SkyAtmosphere.FastSkyLUT.SampleCountMin:4.0]]
[2024.03.12-16.04.35:971][  0]LogConfig: Setting CVar [[r.SkyAtmosphere.FastSkyLUT.SampleCountMax:128.0]]
[2024.03.12-16.04.35:971][  0]LogConfig: Setting CVar [[r.SkyAtmosphere.SampleCountMin:4.0]]
[2024.03.12-16.04.35:971][  0]LogConfig: Setting CVar [[r.SkyAtmosphere.SampleCountMax:128.0]]
[2024.03.12-16.04.35:971][  0]LogConfig: Setting CVar [[r.SkyAtmosphere.TransmittanceLUT.UseSmallFormat:0]]
[2024.03.12-16.04.35:971][  0]LogConfig: Setting CVar [[r.SkyAtmosphere.TransmittanceLUT.SampleCount:10.0]]
[2024.03.12-16.04.35:971][  0]LogConfig: Setting CVar [[r.SkyAtmosphere.MultiScatteringLUT.SampleCount:15.0]]
[2024.03.12-16.04.35:971][  0]LogConfig: Setting CVar [[r.SkyLight.RealTimeReflectionCapture:1]]
[2024.03.12-16.04.35:971][  0]LogConfig: Applying CVar settings from Section [FoliageQuality@3] File [D:/Work/3th Year/Semester 2/AGD/DragonDefender/Saved/Config/Windows/Scalability.ini]
[2024.03.12-16.04.35:971][  0]LogConfig: Setting CVar [[foliage.DensityScale:1.0]]
[2024.03.12-16.04.35:971][  0]LogConfig: Setting CVar [[grass.DensityScale:1.0]]
[2024.03.12-16.04.35:971][  0]LogConfig: Applying CVar settings from Section [ShadingQuality@3] File [D:/Work/3th Year/Semester 2/AGD/DragonDefender/Saved/Config/Windows/Scalability.ini]
[2024.03.12-16.04.35:971][  0]LogConfig: Setting CVar [[r.HairStrands.SkyLighting.IntegrationType:2]]
[2024.03.12-16.04.35:971][  0]LogConfig: Setting CVar [[r.HairStrands.SkyAO.SampleCount:4]]
[2024.03.12-16.04.35:971][  0]LogConfig: Setting CVar [[r.HairStrands.Visibility.MSAA.SamplePerPixel:4]]
[2024.03.12-16.04.35:971][  0]LogInit: Selected Device Profile: [Windows]
[2024.03.12-16.04.35:971][  0]LogInit: Applying CVar settings loaded from the selected device profile: [Windows]
[2024.03.12-16.04.35:971][  0]LogHAL: Display: Platform has ~ 16 GB [17121722368 / 17179869184 / 16], which maps to Larger [LargestMinGB=32, LargerMinGB=12, DefaultMinGB=8, SmallerMinGB=6, SmallestMinGB=0)
[2024.03.12-16.04.35:971][  0]LogInit: Going up to parent DeviceProfile []
[2024.03.12-16.04.35:971][  0]LogConfig: Applying CVar settings from Section [ViewDistanceQuality@3] File [D:/Work/3th Year/Semester 2/AGD/DragonDefender/Saved/Config/Windows/Scalability.ini]
[2024.03.12-16.04.35:971][  0]LogConfig: Setting CVar [[r.SkeletalMeshLODBias:0]]
[2024.03.12-16.04.35:971][  0]LogConfig: Setting CVar [[r.ViewDistanceScale:1.0]]
[2024.03.12-16.04.35:971][  0]LogConfig: Applying CVar settings from Section [AntiAliasingQuality@3] File [D:/Work/3th Year/Semester 2/AGD/DragonDefender/Saved/Config/Windows/Scalability.ini]
[2024.03.12-16.04.35:971][  0]LogConfig: Setting CVar [[r.PostProcessAAQuality:4]]
[2024.03.12-16.04.35:971][  0]LogConfig: Applying CVar settings from Section [ShadowQuality@3] File [D:/Work/3th Year/Semester 2/AGD/DragonDefender/Saved/Config/Windows/Scalability.ini]
[2024.03.12-16.04.35:971][  0]LogConfig: Setting CVar [[r.LightFunctionQuality:1]]
[2024.03.12-16.04.35:971][  0]LogConfig: Setting CVar [[r.ShadowQuality:5]]
[2024.03.12-16.04.35:971][  0]LogConfig: Setting CVar [[r.Shadow.CSM.MaxCascades:10]]
[2024.03.12-16.04.35:971][  0]LogConfig: Setting CVar [[r.Shadow.MaxResolution:2048]]
[2024.03.12-16.04.35:971][  0]LogConfig: Setting CVar [[r.Shadow.MaxCSMResolution:2048]]
[2024.03.12-16.04.35:971][  0]LogConfig: Setting CVar [[r.Shadow.RadiusThreshold:0.01]]
[2024.03.12-16.04.35:971][  0]LogConfig: Setting CVar [[r.Shadow.DistanceScale:1.0]]
[2024.03.12-16.04.35:971][  0]LogConfig: Setting CVar [[r.Shadow.CSM.TransitionScale:1.0]]
[2024.03.12-16.04.35:971][  0]LogConfig: Setting CVar [[r.Shadow.PreShadowResolutionFactor:1.0]]
[2024.03.12-16.04.35:971][  0]LogConfig: Setting CVar [[r.DistanceFieldShadowing:1]]
[2024.03.12-16.04.35:971][  0]LogConfig: Setting CVar [[r.DistanceFieldAO:1]]
[2024.03.12-16.04.35:971][  0]LogConfig: Setting CVar [[r.AOQuality:2]]
[2024.03.12-16.04.35:972][  0]LogConfig: Setting CVar [[r.VolumetricFog:1]]
[2024.03.12-16.04.35:972][  0]LogConfig: Setting CVar [[r.VolumetricFog.GridPixelSize:8]]
[2024.03.12-16.04.35:972][  0]LogConfig: Setting CVar [[r.VolumetricFog.GridSizeZ:128]]
[2024.03.12-16.04.35:972][  0]LogConfig: Setting CVar [[r.VolumetricFog.HistoryMissSupersampleCount:4]]
[2024.03.12-16.04.35:972][  0]LogConfig: Setting CVar [[r.LightMaxDrawDistanceScale:1]]
[2024.03.12-16.04.35:972][  0]LogConfig: Setting CVar [[r.CapsuleShadows:1]]
[2024.03.12-16.04.35:972][  0]LogConfig: Applying CVar settings from Section [PostProcessQuality@3] File [D:/Work/3th Year/Semester 2/AGD/DragonDefender/Saved/Config/Windows/Scalability.ini]
[2024.03.12-16.04.35:972][  0]LogConfig: Setting CVar [[r.MotionBlurQuality:4]]
[2024.03.12-16.04.35:972][  0]LogConfig: Setting CVar [[r.AmbientOcclusionMipLevelFactor:0.4]]
[2024.03.12-16.04.35:972][  0]LogConfig: Setting CVar [[r.AmbientOcclusionMaxQuality:100]]
[2024.03.12-16.04.35:972][  0]LogConfig: Setting CVar [[r.AmbientOcclusionLevels:-1]]
[2024.03.12-16.04.35:972][  0]LogConfig: Setting CVar [[r.AmbientOcclusionRadiusScale:1.0]]
[2024.03.12-16.04.35:972][  0]LogConfig: Setting CVar [[r.DepthOfFieldQuality:2]]
[2024.03.12-16.04.35:972][  0]LogConfig: Setting CVar [[r.RenderTargetPoolMin:400]]
[2024.03.12-16.04.35:972][  0]LogConfig: Setting CVar [[r.LensFlareQuality:2]]
[2024.03.12-16.04.35:972][  0]LogConfig: Setting CVar [[r.SceneColorFringeQuality:1]]
[2024.03.12-16.04.35:972][  0]LogConfig: Setting CVar [[r.EyeAdaptationQuality:2]]
[2024.03.12-16.04.35:972][  0]LogConfig: Setting CVar [[r.BloomQuality:5]]
[2024.03.12-16.04.35:972][  0]LogConfig: Setting CVar [[r.FastBlurThreshold:100]]
[2024.03.12-16.04.35:972][  0]LogConfig: Setting CVar [[r.Upscale.Quality:3]]
[2024.03.12-16.04.35:972][  0]LogConfig: Setting CVar [[r.Tonemapper.GrainQuantization:1]]
[2024.03.12-16.04.35:972][  0]LogConfig: Setting CVar [[r.LightShaftQuality:1]]
[2024.03.12-16.04.35:972][  0]LogConfig: Setting CVar [[r.Filter.SizeScale:1]]
[2024.03.12-16.04.35:972][  0]LogConfig: Setting CVar [[r.Tonemapper.Quality:5]]
[2024.03.12-16.04.35:972][  0]LogConfig: Setting CVar [[r.DOF.Gather.AccumulatorQuality:1        ; higher gathering accumulator quality]]
[2024.03.12-16.04.35:972][  0]LogConfig: Setting CVar [[r.DOF.Gather.PostfilterMethod:1          ; Median3x3 postfilering method]]
[2024.03.12-16.04.35:972][  0]LogConfig: Setting CVar [[r.DOF.Gather.EnableBokehSettings:0       ; no bokeh simulation when gathering]]
[2024.03.12-16.04.35:972][  0]LogConfig: Setting CVar [[r.DOF.Gather.RingCount:4                 ; medium number of samples when gathering]]
[2024.03.12-16.04.35:972][  0]LogConfig: Setting CVar [[r.DOF.Scatter.ForegroundCompositing:1    ; additive foreground scattering]]
[2024.03.12-16.04.35:972][  0]LogConfig: Setting CVar [[r.DOF.Scatter.BackgroundCompositing:2    ; additive background scattering]]
[2024.03.12-16.04.35:972][  0]LogConfig: Setting CVar [[r.DOF.Scatter.EnableBokehSettings:1      ; bokeh simulation when scattering]]
[2024.03.12-16.04.35:972][  0]LogConfig: Setting CVar [[r.DOF.Scatter.MaxSpriteRatio:0.1         ; only a maximum of 10% of scattered bokeh]]
[2024.03.12-16.04.35:972][  0]LogConfig: Setting CVar [[r.DOF.Recombine.Quality:1                ; cheap slight out of focus]]
[2024.03.12-16.04.35:972][  0]LogConfig: Setting CVar [[r.DOF.Recombine.EnableBokehSettings:0    ; no bokeh simulation on slight out of focus]]
[2024.03.12-16.04.35:972][  0]LogConfig: Setting CVar [[r.DOF.TemporalAAQuality:1                ; more stable temporal accumulation]]
[2024.03.12-16.04.35:972][  0]LogConfig: Setting CVar [[r.DOF.Kernel.MaxForegroundRadius:0.025]]
[2024.03.12-16.04.35:972][  0]LogConfig: Setting CVar [[r.DOF.Kernel.MaxBackgroundRadius:0.025]]
[2024.03.12-16.04.35:972][  0]LogConfig: Applying CVar settings from Section [TextureQuality@3] File [D:/Work/3th Year/Semester 2/AGD/DragonDefender/Saved/Config/Windows/Scalability.ini]
[2024.03.12-16.04.35:972][  0]LogConfig: Setting CVar [[r.Streaming.MipBias:0]]
[2024.03.12-16.04.35:972][  0]LogConfig: Setting CVar [[r.Streaming.AmortizeCPUToGPUCopy:0]]
[2024.03.12-16.04.35:972][  0]LogConfig: Setting CVar [[r.Streaming.MaxNumTexturesToStreamPerFrame:0]]
[2024.03.12-16.04.35:972][  0]LogConfig: Setting CVar [[r.Streaming.Boost:1]]
[2024.03.12-16.04.35:972][  0]LogConfig: Setting CVar [[r.MaxAnisotropy:8]]
[2024.03.12-16.04.35:972][  0]LogConfig: Setting CVar [[r.VT.MaxAnisotropy:8]]
[2024.03.12-16.04.35:972][  0]LogConfig: Setting CVar [[r.Streaming.LimitPoolSizeToVRAM:0]]
[2024.03.12-16.04.35:972][  0]LogConfig: Setting CVar [[r.Streaming.PoolSize:1000]]
[2024.03.12-16.04.35:972][  0]LogConfig: Setting CVar [[r.Streaming.MaxEffectiveScreenSize:0]]
[2024.03.12-16.04.35:972][  0]LogConfig: Applying CVar settings from Section [EffectsQuality@3] File [D:/Work/3th Year/Semester 2/AGD/DragonDefender/Saved/Config/Windows/Scalability.ini]
[2024.03.12-16.04.35:972][  0]LogConfig: Setting CVar [[r.TranslucencyLightingVolumeDim:64]]
[2024.03.12-16.04.35:972][  0]LogConfig: Setting CVar [[r.RefractionQuality:2]]
[2024.03.12-16.04.35:972][  0]LogConfig: Setting CVar [[r.SSR.Quality:3]]
[2024.03.12-16.04.35:972][  0]LogConfig: Setting CVar [[r.SSR.HalfResSceneColor:0]]
[2024.03.12-16.04.35:972][  0]LogConfig: Setting CVar [[r.SceneColorFormat:4]]
[2024.03.12-16.04.35:972][  0]LogConfig: Setting CVar [[r.DetailMode:2]]
[2024.03.12-16.04.35:972][  0]LogConfig: Setting CVar [[r.TranslucencyVolumeBlur:1]]
[2024.03.12-16.04.35:972][  0]LogConfig: Setting CVar [[r.MaterialQualityLevel:1 ; High quality]]
[2024.03.12-16.04.35:972][  0]LogConfig: Setting CVar [[r.AnisotropicMaterials:1]]
[2024.03.12-16.04.35:972][  0]LogConfig: Setting CVar [[r.SSS.Scale:1]]
[2024.03.12-16.04.35:972][  0]LogConfig: Setting CVar [[r.SSS.SampleSet:2]]
[2024.03.12-16.04.35:972][  0]LogConfig: Setting CVar [[r.SSS.Quality:1]]
[2024.03.12-16.04.35:972][  0]LogConfig: Setting CVar [[r.SSS.HalfRes:0]]
[2024.03.12-16.04.35:972][  0]LogConfig: Setting CVar [[r.SSGI.Quality:3]]
[2024.03.12-16.04.35:972][  0]LogConfig: Setting CVar [[r.EmitterSpawnRateScale:1.0]]
[2024.03.12-16.04.35:972][  0]LogConfig: Setting CVar [[r.ParticleLightQuality:2]]
[2024.03.12-16.04.35:972][  0]LogConfig: Setting CVar [[r.SkyAtmosphere.AerialPerspectiveLUT.FastApplyOnOpaque:1 ; Always have FastSkyLUT 1 in this case to avoid wrong sky]]
[2024.03.12-16.04.35:972][  0]LogConfig: Setting CVar [[r.SkyAtmosphere.AerialPerspectiveLUT.SampleCountMaxPerSlice:4]]
[2024.03.12-16.04.35:972][  0]LogConfig: Setting CVar [[r.SkyAtmosphere.AerialPerspectiveLUT.DepthResolution:16.0]]
[2024.03.12-16.04.35:972][  0]LogConfig: Setting CVar [[r.SkyAtmosphere.FastSkyLUT:1]]
[2024.03.12-16.04.35:972][  0]LogConfig: Setting CVar [[r.SkyAtmosphere.FastSkyLUT.SampleCountMin:4.0]]
[2024.03.12-16.04.35:972][  0]LogConfig: Setting CVar [[r.SkyAtmosphere.FastSkyLUT.SampleCountMax:128.0]]
[2024.03.12-16.04.35:972][  0]LogConfig: Setting CVar [[r.SkyAtmosphere.SampleCountMin:4.0]]
[2024.03.12-16.04.35:972][  0]LogConfig: Setting CVar [[r.SkyAtmosphere.SampleCountMax:128.0]]
[2024.03.12-16.04.35:972][  0]LogConfig: Setting CVar [[r.SkyAtmosphere.TransmittanceLUT.UseSmallFormat:0]]
[2024.03.12-16.04.35:972][  0]LogConfig: Setting CVar [[r.SkyAtmosphere.TransmittanceLUT.SampleCount:10.0]]
[2024.03.12-16.04.35:972][  0]LogConfig: Setting CVar [[r.SkyAtmosphere.MultiScatteringLUT.SampleCount:15.0]]
[2024.03.12-16.04.35:972][  0]LogConfig: Setting CVar [[r.SkyLight.RealTimeReflectionCapture:1]]
[2024.03.12-16.04.35:972][  0]LogConfig: Applying CVar settings from Section [FoliageQuality@3] File [D:/Work/3th Year/Semester 2/AGD/DragonDefender/Saved/Config/Windows/Scalability.ini]
[2024.03.12-16.04.35:972][  0]LogConfig: Setting CVar [[foliage.DensityScale:1.0]]
[2024.03.12-16.04.35:972][  0]LogConfig: Setting CVar [[grass.DensityScale:1.0]]
[2024.03.12-16.04.35:972][  0]LogConfig: Applying CVar settings from Section [ShadingQuality@3] File [D:/Work/3th Year/Semester 2/AGD/DragonDefender/Saved/Config/Windows/Scalability.ini]
[2024.03.12-16.04.35:972][  0]LogConfig: Setting CVar [[r.HairStrands.SkyLighting.IntegrationType:2]]
[2024.03.12-16.04.35:972][  0]LogConfig: Setting CVar [[r.HairStrands.SkyAO.SampleCount:4]]
[2024.03.12-16.04.35:972][  0]LogConfig: Setting CVar [[r.HairStrands.Visibility.MSAA.SamplePerPixel:4]]
[2024.03.12-16.04.35:972][  0]LogConfig: Applying CVar settings from Section [Startup] File [../../../Engine/Config/ConsoleVariables.ini]
[2024.03.12-16.04.35:973][  0]LogConfig: Setting CVar [[net.UseAdaptiveNetUpdateFrequency:0]]
[2024.03.12-16.04.35:973][  0]LogConfig: Setting CVar [[p.chaos.AllowCreatePhysxBodies:1]]
[2024.03.12-16.04.35:973][  0]LogConfig: Setting CVar [[fx.SkipVectorVMBackendOptimizations:1]]
[2024.03.12-16.04.35:973][  0]LogConfig: Applying CVar settings from Section [ConsoleVariables] File [D:/Work/3th Year/Semester 2/AGD/DragonDefender/Saved/Config/Windows/Engine.ini]
[2024.03.12-16.04.35:973][  0]LogConfig: Applying CVar settings from Section [ConsoleVariables] File [D:/Work/3th Year/Semester 2/AGD/DragonDefender/Saved/Config/Windows/Editor.ini]
[2024.03.12-16.04.35:973][  0]LogInit: Computer: DESKTOP-7IJL38H
[2024.03.12-16.04.35:973][  0]LogInit: User: User
[2024.03.12-16.04.35:973][  0]LogInit: CPU Page size=4096, Cores=6
[2024.03.12-16.04.35:973][  0]LogInit: High frequency timer resolution =10.000000 MHz
[2024.03.12-16.04.35:973][  0]LogMemory: Memory total: Physical=15.9GB (16GB approx)
[2024.03.12-16.04.35:973][  0]LogMemory: Platform Memory Stats for Windows
[2024.03.12-16.04.35:973][  0]LogMemory: Process Physical Memory: 144.45 MB used, 144.45 MB peak
[2024.03.12-16.04.35:973][  0]LogMemory: Process Virtual Memory: 129.98 MB used, 129.98 MB peak
[2024.03.12-16.04.35:973][  0]LogMemory: Physical Memory: 8700.04 MB used,  7628.51 MB free, 16328.55 MB total
[2024.03.12-16.04.35:973][  0]LogMemory: Virtual Memory: 134197872.00 MB used,  19856.32 MB free, 134217728.00 MB total
[2024.03.12-16.04.35:978][  0]LogWindows: WindowsPlatformFeatures enabled
[2024.03.12-16.04.36:020][  0]LogInit: Physics initialised using underlying interface: PhysX
[2024.03.12-16.04.36:023][  0]LogInit: Using OS detected language (en-US).
[2024.03.12-16.04.36:023][  0]LogInit: Using OS detected locale (th-TH).
[2024.03.12-16.04.36:026][  0]LogTextLocalizationManager: No specific localization for 'en-US' exists, so the 'en' localization will be used.
[2024.03.12-16.04.36:225][  0]LogInit: Setting process to per monitor DPI aware
[2024.03.12-16.04.36:243][  0]LogWindowsTextInputMethodSystem: Display: IME system deactivated.
[2024.03.12-16.04.36:263][  0]LogSlate: New Slate User Created.  User Index 0, Is Virtual User: 0
[2024.03.12-16.04.36:263][  0]LogSlate: Slate User Registered.  User Index 0, Is Virtual User: 0
[2024.03.12-16.04.36:482][  0]LogD3D11RHI: Loaded GFSDK_Aftermath_Lib.x64.dll
[2024.03.12-16.04.36:485][  0]LogHMD: Failed to initialize OpenVR with code 110
[2024.03.12-16.04.36:485][  0]LogD3D11RHI: D3D11 min allowed feature level: 11_0
[2024.03.12-16.04.36:485][  0]LogD3D11RHI: D3D11 max allowed feature level: 11_0
[2024.03.12-16.04.36:485][  0]LogD3D11RHI: D3D11 adapters:
[2024.03.12-16.04.36:649][  0]LogD3D11RHI:    0. 'NVIDIA GeForce GTX 1050 Ti' (Feature Level 11_0)
[2024.03.12-16.04.36:649][  0]LogD3D11RHI:       4017/0/8164 MB DedicatedVideo/DedicatedSystem/SharedSystem, Outputs:2, VendorId:0x10de
[2024.03.12-16.04.36:651][  0]LogD3D11RHI:    1. 'Microsoft Basic Render Driver' (Feature Level 11_0)
[2024.03.12-16.04.36:651][  0]LogD3D11RHI:       0/0/8164 MB DedicatedVideo/DedicatedSystem/SharedSystem, Outputs:0, VendorId:0x1414
[2024.03.12-16.04.36:651][  0]LogD3D11RHI: Chosen D3D11 Adapter:
[2024.03.12-16.04.36:651][  0]LogD3D11RHI:     Description : NVIDIA GeForce GTX 1050 Ti
[2024.03.12-16.04.36:651][  0]LogD3D11RHI:     VendorId    : 10de
[2024.03.12-16.04.36:651][  0]LogD3D11RHI:     DeviceId    : 1c82
[2024.03.12-16.04.36:651][  0]LogD3D11RHI:     SubSysId    : 11bf10de
[2024.03.12-16.04.36:651][  0]LogD3D11RHI:     Revision    : 00a1
[2024.03.12-16.04.36:651][  0]LogD3D11RHI:     DedicatedVideoMemory : 4212129792 bytes
[2024.03.12-16.04.36:651][  0]LogD3D11RHI:     DedicatedSystemMemory : 0 bytes
[2024.03.12-16.04.36:651][  0]LogD3D11RHI:     SharedSystemMemory : 8560861184 bytes
[2024.03.12-16.04.36:651][  0]LogD3D11RHI:     AdapterLuid : 0 69409
[2024.03.12-16.04.36:662][  0]LogD3D11RHI: Creating new Direct3DDevice
[2024.03.12-16.04.36:662][  0]LogD3D11RHI:     GPU DeviceId: 0x1c82 (for the marketing name, search the web for "GPU Device Id")
[2024.03.12-16.04.36:662][  0]LogWindows: EnumDisplayDevices:
[2024.03.12-16.04.36:662][  0]LogWindows:    0. 'NVIDIA GeForce GTX 1050 Ti' (P:1 D:1)
[2024.03.12-16.04.36:663][  0]LogWindows:    1. 'NVIDIA GeForce GTX 1050 Ti' (P:0 D:1)
[2024.03.12-16.04.36:663][  0]LogWindows:    2. 'NVIDIA GeForce GTX 1050 Ti' (P:0 D:0)
[2024.03.12-16.04.36:663][  0]LogWindows:    3. 'NVIDIA GeForce GTX 1050 Ti' (P:0 D:0)
[2024.03.12-16.04.36:663][  0]LogWindows: DebugString: FoundDriverCount:4 
[2024.03.12-16.04.36:663][  0]LogD3D11RHI:     Adapter Name: NVIDIA GeForce GTX 1050 Ti
[2024.03.12-16.04.36:663][  0]LogD3D11RHI:   Driver Version: 545.92 (internal:31.0.15.4592, unified:545.92)
[2024.03.12-16.04.36:663][  0]LogD3D11RHI:      Driver Date: 10-19-2023
[2024.03.12-16.04.36:663][  0]LogRHI: Texture pool is 2811 MB (70% of 4017 MB)
[2024.03.12-16.04.36:663][  0]LogD3D11RHI: Creating D3DDevice using adapter:
[2024.03.12-16.04.36:663][  0]LogD3D11RHI:     Description : NVIDIA GeForce GTX 1050 Ti
[2024.03.12-16.04.36:663][  0]LogD3D11RHI:     VendorId    : 10de
[2024.03.12-16.04.36:663][  0]LogD3D11RHI:     DeviceId    : 1c82
[2024.03.12-16.04.36:663][  0]LogD3D11RHI:     SubSysId    : 11bf10de
[2024.03.12-16.04.36:663][  0]LogD3D11RHI:     Revision    : 00a1
[2024.03.12-16.04.36:663][  0]LogD3D11RHI:     DedicatedVideoMemory : 4212129792 bytes
[2024.03.12-16.04.36:663][  0]LogD3D11RHI:     DedicatedSystemMemory : 0 bytes
[2024.03.12-16.04.36:663][  0]LogD3D11RHI:     SharedSystemMemory : 8560861184 bytes
[2024.03.12-16.04.36:663][  0]LogD3D11RHI:     AdapterLuid : 0 69409
[2024.03.12-16.04.36:783][  0]LogD3D11RHI: RHI has support for 64 bit atomics
[2024.03.12-16.04.36:784][  0]LogD3D11RHI: Async texture creation enabled
[2024.03.12-16.04.36:784][  0]LogD3D11RHI: Array index from any shader is supported
[2024.03.12-16.04.36:820][  0]LogD3D11RHI: GPU Timing Frequency: 1000.000000 (Debug: 2 1)
[2024.03.12-16.04.36:861][  0]LogRHI: GeForceNow SDK initialized: 1
[2024.03.12-16.04.37:182][  0]LogTargetPlatformManager: Display: Loaded TargetPlatform 'AllDesktop'
[2024.03.12-16.04.37:205][  0]LogTargetPlatformManager: Display: Loaded TargetPlatform 'Android'
[2024.03.12-16.04.37:205][  0]LogTargetPlatformManager: Display: Loaded TargetPlatform 'Android_ASTC'
[2024.03.12-16.04.37:205][  0]LogTargetPlatformManager: Display: Loaded TargetPlatform 'Android_DXT'
[2024.03.12-16.04.37:205][  0]LogTargetPlatformManager: Display: Loaded TargetPlatform 'Android_ETC2'
[2024.03.12-16.04.37:205][  0]LogTargetPlatformManager: Display: Loaded TargetPlatform 'AndroidClient'
[2024.03.12-16.04.37:205][  0]LogTargetPlatformManager: Display: Loaded TargetPlatform 'Android_ASTCClient'
[2024.03.12-16.04.37:205][  0]LogTargetPlatformManager: Display: Loaded TargetPlatform 'Android_DXTClient'
[2024.03.12-16.04.37:205][  0]LogTargetPlatformManager: Display: Loaded TargetPlatform 'Android_ETC2Client'
[2024.03.12-16.04.37:205][  0]LogTargetPlatformManager: Display: Loaded TargetPlatform 'Android_Multi'
[2024.03.12-16.04.37:205][  0]LogTargetPlatformManager: Display: Loaded TargetPlatform 'Android_MultiClient'
[2024.03.12-16.04.37:226][  0]LogTargetPlatformManager: Display: Loaded TargetPlatform 'IOSClient'
[2024.03.12-16.04.37:226][  0]LogTargetPlatformManager: Display: Loaded TargetPlatform 'IOS'
[2024.03.12-16.04.37:237][  0]LogTargetPlatformManager: Display: Loaded TargetPlatform 'Linux'
[2024.03.12-16.04.37:242][  0]LogTargetPlatformManager: Display: Loaded TargetPlatform 'LinuxNoEditor'
[2024.03.12-16.04.37:246][  0]LogTargetPlatformManager: Display: Loaded TargetPlatform 'LinuxClient'
[2024.03.12-16.04.37:250][  0]LogTargetPlatformManager: Display: Loaded TargetPlatform 'LinuxServer'
[2024.03.12-16.04.37:260][  0]LogTargetPlatformManager: Display: Loaded TargetPlatform 'LinuxAArch64NoEditor'
[2024.03.12-16.04.37:264][  0]LogTargetPlatformManager: Display: Loaded TargetPlatform 'LinuxAArch64Client'
[2024.03.12-16.04.37:269][  0]LogTargetPlatformManager: Display: Loaded TargetPlatform 'LinuxAArch64Server'
[2024.03.12-16.04.37:294][  0]LogTargetPlatformManager: Display: Loaded TargetPlatform 'Lumin'
[2024.03.12-16.04.37:294][  0]LogTargetPlatformManager: Display: Loaded TargetPlatform 'LuminClient'
[2024.03.12-16.04.37:303][  0]LogTargetPlatformManager: Display: Loaded TargetPlatform 'MacNoEditor'
[2024.03.12-16.04.37:308][  0]LogTargetPlatformManager: Display: Loaded TargetPlatform 'Mac'
[2024.03.12-16.04.37:312][  0]LogTargetPlatformManager: Display: Loaded TargetPlatform 'MacClient'
[2024.03.12-16.04.37:316][  0]LogTargetPlatformManager: Display: Loaded TargetPlatform 'MacServer'
[2024.03.12-16.04.37:327][  0]LogTargetPlatformManager: Display: Loaded TargetPlatform 'TVOSClient'
[2024.03.12-16.04.37:327][  0]LogTargetPlatformManager: Display: Loaded TargetPlatform 'TVOS'
[2024.03.12-16.04.37:336][  0]LogTargetPlatformManager: Display: Loaded TargetPlatform 'WindowsNoEditor'
[2024.03.12-16.04.37:341][  0]LogTargetPlatformManager: Display: Loaded TargetPlatform 'Windows'
[2024.03.12-16.04.37:346][  0]LogTargetPlatformManager: Display: Loaded TargetPlatform 'WindowsClient'
[2024.03.12-16.04.37:350][  0]LogTargetPlatformManager: Display: Loaded TargetPlatform 'WindowsServer'
[2024.03.12-16.04.37:350][  0]LogTargetPlatformManager: Display: Building Assets For Windows
[2024.03.12-16.04.37:357][  0]LogAudioDebug: Display: Lib vorbis DLL was dynamically loaded.
[2024.03.12-16.04.37:384][  0]LogTextureFormatOodle: Display: Oodle Texture 2.9.0 init RDO Off
[2024.03.12-16.04.37:415][  0]LogRendererCore: Ray tracing is disabled. Reason: r.RayTracing=0.
[2024.03.12-16.04.37:415][  0]LogShaderCompilers: Guid format shader working directory is -11 characters bigger than the processId version (../../../../Work/3th Year/Semester 2/AGD/DragonDefender/Intermediate/Shaders/WorkingDirectory/19196/).
[2024.03.12-16.04.37:415][  0]LogShaderCompilers: Cleaned the shader compiler working directory 'C:/Users/User/AppData/Local/Temp/UnrealShaderWorkingDir/98FE72A44784671236642EB289499118/'.
[2024.03.12-16.04.37:415][  0]LogXGEController: Cannot use XGE Controller as Incredibuild is not installed on this machine.
[2024.03.12-16.04.37:416][  0]LogShaderCompilers: Cannot use XGE Shader Compiler as Incredibuild is not installed on this machine.
[2024.03.12-16.04.37:416][  0]LogShaderCompilers: Display: Using Local Shader Compiler.
[2024.03.12-16.04.38:112][  0]LogDerivedDataCache: Display: Max Cache Size: 512 MB
[2024.03.12-16.04.38:176][  0]LogDerivedDataCache: Loaded boot cache 0.06s 94MB C:/Users/User/AppData/Local/UnrealEngine/4.27/DerivedDataCache/Boot.ddc.
[2024.03.12-16.04.38:176][  0]LogDerivedDataCache: Display: Loaded Boot cache: C:/Users/User/AppData/Local/UnrealEngine/4.27/DerivedDataCache/Boot.ddc
[2024.03.12-16.04.38:176][  0]LogDerivedDataCache: FDerivedDataBackendGraph:  Pak pak cache file ../../../../Work/3th Year/Semester 2/AGD/DragonDefender/DerivedDataCache/DDC.ddp not found, will not use a pak cache.
[2024.03.12-16.04.38:176][  0]LogDerivedDataCache: Unable to find inner node Pak for hierarchical cache Hierarchy.
[2024.03.12-16.04.38:176][  0]LogDerivedDataCache: FDerivedDataBackendGraph:  CompressedPak pak cache file ../../../../Work/3th Year/Semester 2/AGD/DragonDefender/DerivedDataCache/Compressed.ddp not found, will not use a pak cache.
[2024.03.12-16.04.38:176][  0]LogDerivedDataCache: Unable to find inner node CompressedPak for hierarchical cache Hierarchy.
[2024.03.12-16.04.38:194][  0]LogDerivedDataCache: Display: Pak cache opened for reading ../../../Engine/DerivedDataCache/Compressed.ddp.
[2024.03.12-16.04.38:194][  0]LogDerivedDataCache: FDerivedDataBackendGraph:  EnterprisePak pak cache file ../../../Enterprise/DerivedDataCache/Compressed.ddp not found, will not use a pak cache.
[2024.03.12-16.04.38:194][  0]LogDerivedDataCache: Unable to find inner node EnterprisePak for hierarchical cache Hierarchy.
[2024.03.12-16.04.38:202][  0]LogDerivedDataCache: Speed tests for C:/Users/User/AppData/Local/UnrealEngine/Common/DerivedDataCache took 0.01 seconds
[2024.03.12-16.04.38:202][  0]LogDerivedDataCache: Display: Performance to C:/Users/User/AppData/Local/UnrealEngine/Common/DerivedDataCache: Latency=0.04ms. RandomReadSpeed=971.87MBs, RandomWriteSpeed=148.31MBs. Assigned SpeedClass 'Local'
[2024.03.12-16.04.38:203][  0]LogDerivedDataCache: Using Local data cache path C:/Users/User/AppData/Local/UnrealEngine/Common/DerivedDataCache: Writable
[2024.03.12-16.04.38:203][  0]LogDerivedDataCache: Shared data cache path not found in *engine.ini, will not use an Shared cache.
[2024.03.12-16.04.38:203][  0]LogDerivedDataCache: Unable to find inner node Shared for hierarchical cache Hierarchy.
[2024.03.12-16.04.38:249][  0]LogSlate: Using FreeType 2.10.0
[2024.03.12-16.04.38:250][  0]LogSlate: SlateFontServices - WITH_FREETYPE: 1, WITH_HARFBUZZ: 1
[2024.03.12-16.04.38:275][  0]LogAssetRegistry: FAssetRegistry took 0.0028 seconds to start up
[2024.03.12-16.04.38:519][  0]LogInit: Selected Device Profile: [Windows]
[2024.03.12-16.04.38:519][  0]LogInit: Active device profile: [000001A277134900][000001A268342200 49] Windows
[2024.03.12-16.04.38:519][  0]LogInit: Profiles: [000001A277134900][000001A268342200 49] Windows, [000001A2770D7800][000001A277808380 49] WindowsNoEditor, [000001A277137500][000001A27780C500 49] WindowsServer, [000001A2770D4E00][000001A26C4A4680 49] WindowsClient, [000001A277137800][000001A2683467C0 49] IOS, [000001A2770D6800][000001A26C4A8900 49] iPadAir, [000001A277136000][000001A268338A40 49] iPadAir2, [000001A276E6CA00][000001A27752ACC0 49] IPadPro, [000001A276E6CB00][000001A277522D00 49] iPadAir3, [000001A2770D5900][000001A27752EE80 49] iPadAir4, [000001A276E6F400][000001A277533000 49] iPadMini2, [000001A2770D6A00][000001A277541180 49] iPadMini3, [000001A276E6D700][000001A277545300 49] iPadMini4, [000001A277135100][000001A2763B7480 49] iPadMini5, [000001A276EA8300][000001A26C4CD740 49] iPhone6, [000001A276EA8400][000001A277555780 49] iPodTouch6, [000001A276E6BF00][000001A26C4E1A40 49] iPhone7, [000001A276E6BE00][000001A26C4D5A80 49] iPodTouch7, [000001A2770D6000][000001A26C4F5C00 49] iPhone5S, [000001A276E69A00][000001A2683BE200 49] iPhone6Plus, [000001A276EA8200][000001A2777E6380 49] iPhone6S, [000001A276E68600][000001A276352500 49] iPhone6SPlus, [000001A276EAA900][000001A276356680 49] iPhone7Plus, [000001A276E6B100][000001A2763AE800 49] iPhoneSE, [000001A276EAA200][000001A277526940 49] iPhone8, [000001A276E6BB00][000001A2763B2A80 49] iPhone8Plus, [000001A276EA8A00][000001A277410BC0 49] iPhoneX, [000001A276E69400][000001A277414D00 49] iPhoneXS, [000001A276EAB900][000001A27741CE80 49] iPhoneXSMax, [000001A276E68900][000001A277421000 49] iPhoneXR, [000001A276EAAF00][000001A277429180 49] iPhone11, [000001A276E69300][000001A277441300 49] iPhone11Pro, [000001A276EA9000][000001A277459480 49] iPhone11ProMax, [000001A276E6AA00][000001A27745D600 49] iPhoneSE2, [000001A276EA9400][000001A277461780 49] iPhone12Mini, [000001A276E6A400][000001A27748B900 49] iPhone12, [000001A276EA8D00][000001A277493A80 49] iPhone12Pro, [000001A276E6AB00][000001A2774CBC00 49] iPhone12ProMax, [000001A276EAB000][000001A2774FE200 49] iPadPro105, [000001A276E68700][000001A277502380 49] iPadPro129, [000001A276EAA800][000001A277506500 49] iPadPro97, [000001A276E6A600][000001A27750A680 49] iPadPro2_129, [000001A276EABC00][000001A27750E800 49] iPad5, [000001A276E6A200][000001A277512980 49] iPad6, [000001A276EA8F00][000001A277516B00 49] iPad7, [000001A276E6AD00][000001A277418C40 49] iPad8, [000001A276EA9100][000001A27751AD80 49] iPadPro11, [000001A276E69600][000001A27751EEC0 49] iPadPro2_11, [000001A276EAB400][000001A278247040 49] iPadPro3_129, [000001A276E6A800][000001A27827B1C0 49] iPadPro4_129, [000001A276EABA00][000001A27827F340 49] AppleTV, [000001A276E6A100][000001A27828F4C0 49] AppleTV4K, [000001A276EA9F00][000001A2782CF640 49] TVOS, [000001A276E6B400][000001A2782E97C0 49] Mac, [000001A276EAB800][000001A2782FD940 49] MacClient, [000001A276E69E00][000001A278305AC0 49] MacNoEditor, [000001A276EABF00][000001A27830C0C0 49] MacServer, [000001A276E6B500][000001A27844E240 49] Linux, [000001A276EA8C00][000001A2784723C0 49] LinuxAArch64, [000001A276E6AF00][000001A278476540 49] LinuxNoEditor, [000001A276EA8B00][000001A2784846C0 49] LinuxAArch64NoEditor, [000001A276E6B700][000001A2785A2840 49] LinuxClient, [000001A276EA9A00][000001A2785A69C0 49] LinuxAArch64Client, [000001A276E69000][000001A2785AAB40 49] LinuxServer, [000001A276EAA500][000001A2785AECC0 49] LinuxAArch64Server, [000001A276E69900][000001A278242E00 49] Android, [000001A276EA9300][000001A278622F40 49] Android_Low, [000001A276E6A700][000001A27864D080 49] Android_Mid, [000001A276EAAB00][000001A2786511C0 49] Android_High, [000001A276E6B800][000001A278659340 49] Android_Default, [000001A276EA9600][000001A2780A34C0 49] Android_Adreno4xx, [000001A276E69500][000001A2780D5640 49] Android_Adreno5xx_Low, [000001A276E6F600][000001A2780D97C0 49] Android_Adreno5xx, [000001A2770D5800][000001A2780DD940 49] Android_Adreno6xx, [000001A276E6D200][000001A2780E1AC0 49] Android_Adreno6xx_Vulkan, [000001A2770D7C00][000001A2780E40C0 49] Android_Mali_T6xx, [000001A276E6D100][000001A2780E8240 49] Android_Mali_T7xx, [000001A2770D5600][000001A2780EC3C0 49] Android_Mali_T8xx, [000001A276E6DE00][000001A278112540 49] Android_Mali_G71, [000001A2770D4500][000001A2781286C0 49] Android_Mali_G72, [000001A276E6C800][000001A278132840 49] Android_Mali_G72_Vulkan, [000001A2770D5300][000001A2787429C0 49] Android_Mali_G76, [000001A276E6C100][000001A278746B40 49] Android_Mali_G76_Vulkan, [000001A2770D5F00][000001A27874ACC0 49] Android_Mali_G77, [000001A276E6D000][000001A2780F0E40 49] Android_Mali_G77_Vulkan, [000001A2770D4A00][000001A278654F80 49] Android_Mali_G78, [000001A276E6EC00][000001A2780F50C0 49] Android_Mali_G78_Vulkan, [000001A2770D7600][000001A2780F9200 49] Android_Mali_G710, [000001A276E6EA00][000001A2780FD340 49] Android_Mali_G710_Vulkan, [000001A2770D7F00][000001A2781054C0 49] Android_Vulkan_SM5, [000001A276E6FB00][000001A278109640 49] Android_PowerVR_G6xxx, [000001A2770D7B00][000001A27810D7C0 49] Android_PowerVR_GT7xxx, [000001A276E6F900][000001A278761940 49] Android_PowerVR_GE8xxx, [000001A2770D4C00][000001A278765AC0 49] Android_PowerVR_GM9xxx, [000001A276E6E700][000001A2787680C0 49] Android_PowerVR_GM9xxx_Vulkan, [000001A2770D6700][000001A278776240 49] Android_TegraK1, [000001A276E6C900][000001A27877A3C0 49] Android_Unknown_Vulkan, [000001A2770D5D00][000001A278200540 49] Lumin, [000001A276E6C500][000001A27823A6C0 49] Lumin_Desktop, [000001A2770D7300][000001A27823E840 49] HoloLens, 
[2024.03.12-16.04.38:638][  0]LogMeshReduction: Using QuadricMeshReduction for automatic static mesh reduction
[2024.03.12-16.04.38:638][  0]LogMeshReduction: Using SimplygonMeshReduction for automatic skeletal mesh reduction
[2024.03.12-16.04.38:638][  0]LogMeshReduction: Using ProxyLODMeshReduction for automatic mesh merging
[2024.03.12-16.04.38:638][  0]LogMeshReduction: No distributed automatic mesh merging module available
[2024.03.12-16.04.38:638][  0]LogMeshMerging: No distributed automatic mesh merging module available
[2024.03.12-16.04.38:656][  0]LogNetVersion: DragonDefender 1.0.0, NetCL: 17155196, EngineNetVer: 17, GameNetVer: 0 (Checksum: 1038316585)
[2024.03.12-16.04.39:036][  0]LogTexture: Default maximum texture size for cubemaps generated from long-lat sources has been changed from 512 to unlimited. In order to preserve old behaiour for '/Engine/MapTemplates/Sky/DaylightAmbientCubemap.DaylightAmbientCubemap', its maximum texture size has been explicitly set to 512.
[2024.03.12-16.04.39:100][  0]LogHMD: PokeAHoleMaterial loaded successfully
[2024.03.12-16.04.39:108][  0]LogUObjectArray: 17178 objects as part of root set at end of initial load.
[2024.03.12-16.04.39:108][  0]LogUObjectAllocator: 4302048 out of 0 bytes used by permanent object pool.
[2024.03.12-16.04.39:108][  0]LogUObjectArray: CloseDisregardForGC: 0/0 objects in disregard for GC pool
[2024.03.12-16.04.39:377][  0]LogNiagaraDebuggerClient: Niagara Debugger Client Initialized | Session: E2091AD3497AE79362BCE290D6E908CA | Instance: AFCB33264629AE9A9FAA0DA85ED3004F (DESKTOP-7IJL38H-19196).
[2024.03.12-16.04.39:493][  0]LogUdpMessaging: Initializing bridge on interface 0.0.0.0:0 to multicast group 230.0.0.1:6666.
[2024.03.12-16.04.39:500][  0]LogTcpMessaging: Initializing TcpMessaging bridge
[2024.03.12-16.04.39:510][  0]LogPython: Using Python 3.7.7
[2024.03.12-16.04.40:173][  0]SourceControl: Source control is disabled
[2024.03.12-16.04.40:173][  0]SourceControl: Source control is disabled
[2024.03.12-16.04.40:176][  0]SourceControl: Source control is disabled
[2024.03.12-16.04.40:178][  0]SourceControl: Source control is disabled
[2024.03.12-16.04.40:187][  0]SourceControl: Source control is disabled
[2024.03.12-16.04.40:202][  0]LogUProjectInfo: Found projects:
[2024.03.12-16.04.40:210][  0]LogVSAccessor: Display: Unable to create Visual Studio setup instance: 80040154
[2024.03.12-16.04.40:210][  0]LogVSAccessor: Display: Unable to create Visual Studio setup instance: 80040154
[2024.03.12-16.04.40:211][  0]LogVSAccessor: Display: Unable to create Visual Studio setup instance: 80040154
[2024.03.12-16.04.40:415][  0]LogOpenImageDenoise: OIDN starting up
[2024.03.12-16.04.40:435][  0]LogAndroidPermission: UAndroidPermissionCallbackProxy::GetInstance
[2024.03.12-16.04.40:456][  0]LogAudioCaptureCore: Display: No Audio Capture implementations found. Audio input will be silent.
[2024.03.12-16.04.40:456][  0]LogAudioCaptureCore: Display: No Audio Capture implementations found. Audio input will be silent.
[2024.03.12-16.04.40:582][  0]LogCollectionManager: Loaded 0 collections in 0.000776 seconds
[2024.03.12-16.04.40:608][  0]LogFileCache: Scanning file cache for directory 'D:/Work/3th Year/Semester 2/AGD/DragonDefender/Saved/Collections/' took 0.00s
[2024.03.12-16.04.40:608][  0]LogFileCache: Scanning file cache for directory 'D:/Work/3th Year/Semester 2/AGD/DragonDefender/Content/Developers/User/Collections/' took 0.00s
[2024.03.12-16.04.40:608][  0]LogFileCache: Scanning file cache for directory 'D:/Work/3th Year/Semester 2/AGD/DragonDefender/Content/Collections/' took 0.00s
[2024.03.12-16.04.40:608][  0]LogOcInput: OculusInput pre-init called
[2024.03.12-16.04.40:834][  0]LogEngine: Initializing Engine...
[2024.03.12-16.04.40:837][  0]LogHMD: Failed to enumerate extensions. Please check that you have a valid OpenXR runtime installed.
[2024.03.12-16.04.40:837][  0]LogHMD: Failed to initialize OpenVR with code 110
[2024.03.12-16.04.40:837][  0]LogMagicLeap: Warning: VR disabled because ZI is not enabled.  To enable, in the editor, Edit -> Project Settings -> Plugins -> Magic Leap Plugin -> Enable Zero Iteration
[2024.03.12-16.04.40:838][  0]LogStats: UGameplayTagsManager::InitializeManager -  0.000 s
[2024.03.12-16.04.40:956][  0]LogInit: Initializing FReadOnlyCVARCache
[2024.03.12-16.04.40:966][  0]LogAIModule: Creating AISystem for world Untitled
[2024.03.12-16.04.40:976][  0]LogAudio: Display: Initializing Audio Device Manager...
[2024.03.12-16.04.40:979][  0]LogAudio: Display: Loading Default Audio Settings Objects...
[2024.03.12-16.04.40:980][  0]LogAudio: Display: No default SoundConcurrencyObject specified (or failed to load).
[2024.03.12-16.04.40:980][  0]LogAudio: Display: Audio Device Manager Initialized
[2024.03.12-16.04.40:980][  0]LogAudio: Display: Creating Audio Device:                 Id: 1, Scope: Shared, Realtime: True
[2024.03.12-16.04.40:981][  0]LogAudioMixer: Display: Audio Mixer Platform Settings:
[2024.03.12-16.04.40:981][  0]LogAudioMixer: Display: 	Sample Rate:						  48000
[2024.03.12-16.04.40:981][  0]LogAudioMixer: Display: 	Callback Buffer Frame Size Requested: 1024
[2024.03.12-16.04.40:981][  0]LogAudioMixer: Display: 	Callback Buffer Frame Size To Use:	  1024
[2024.03.12-16.04.40:981][  0]LogAudioMixer: Display: 	Number of buffers to queue:			  2
[2024.03.12-16.04.40:981][  0]LogAudioMixer: Display: 	Max Channels (voices):				  32
[2024.03.12-16.04.40:981][  0]LogAudioMixer: Display: 	Number of Async Source Workers:		  0
[2024.03.12-16.04.40:981][  0]LogAudio: Display: AudioDevice MaxSources: 32
[2024.03.12-16.04.40:981][  0]LogAudio: Display: Audio Spatialization Plugin: None (built-in).
[2024.03.12-16.04.40:981][  0]LogAudio: Display: Audio Reverb Plugin: None (built-in).
[2024.03.12-16.04.40:981][  0]LogAudio: Display: Audio Occlusion Plugin: None (built-in).
[2024.03.12-16.04.40:981][  0]LogAudioMixer: Display: Initializing audio mixer.
[2024.03.12-16.04.40:993][  0]LogAudioMixer: Display: 0: FrontLeft
[2024.03.12-16.04.40:993][  0]LogAudioMixer: Display: 1: FrontRight
[2024.03.12-16.04.41:017][  0]LogAudioMixer: Display: Using Audio Device Speakers (Realtek(R) Audio)
[2024.03.12-16.04.41:020][  0]LogAudioMixer: Display: Initializing Sound Submixes...
[2024.03.12-16.04.41:023][  0]LogAudioMixer: Display: Creating Master Submix 'MasterSubmixDefault'
[2024.03.12-16.04.41:023][  0]LogAudioMixer: Display: Creating Master Submix 'MasterReverbSubmixDefault'
[2024.03.12-16.04.41:024][  0]LogAudioMixer: Display: Creating Master Submix 'MasterEQSubmixDefault'
[2024.03.12-16.04.41:024][  0]LogAudioMixer: FMixerPlatformXAudio2::StartAudioStream() called
[2024.03.12-16.04.41:024][  0]LogAudioMixer: Display: Output buffers initialized: Frames=1024, Channels=2, Samples=2048
[2024.03.12-16.04.41:025][  0]LogAudioMixer: Display: Starting AudioMixerPlatformInterface::RunInternal()
[2024.03.12-16.04.41:025][  0]LogAudioMixer: Display: FMixerPlatformXAudio2::SubmitBuffer() called for the first time
[2024.03.12-16.04.41:025][  0]LogInit: FAudioDevice initialized.
[2024.03.12-16.04.41:025][  0]LogAudio: Display: Audio Device (ID: 1) registered with world 'Untitled'.
[2024.03.12-16.04.41:025][  0]LogNetVersion: Set ProjectVersion to 1.0.0.0. Version Checksum will be recalculated on next use.
[2024.03.12-16.04.41:146][  0]LogDerivedDataCache: Saved boot cache 0.12s 94MB C:/Users/User/AppData/Local/UnrealEngine/4.27/DerivedDataCache/Boot.ddc.
[2024.03.12-16.04.41:147][  0]LogInit: Texture streaming: Enabled
[2024.03.12-16.04.41:161][  0]LogAnalytics: Display: [UEEditor.Rocket.Release] APIServer = https://datarouter.ol.epicgames.com/. AppVersion = 4.27.2-18319896+++UE4+Release-4.27
[2024.03.12-16.04.41:165][  0]LogEngineSessionManager: EngineSessionManager initialized
[2024.03.12-16.04.41:165][  0]LogEditorSessionSummary: Verbose: Initializing EditorSessionSummaryWriter for editor session tracking
[2024.03.12-16.04.41:167][  0]LogEditorSessionSummary: EditorSessionSummaryWriter initialized
[2024.03.12-16.04.41:204][  0]LogInit: Transaction tracking system initialized
[2024.03.12-16.04.41:226][  0]BlueprintLog: New page: Editor Load
[2024.03.12-16.04.41:284][  0]LocalizationService: Localization service is disabled
[2024.03.12-16.04.41:307][  0]TimingProfiler: Initialize
[2024.03.12-16.04.41:307][  0]TimingProfiler: OnSessionChanged
[2024.03.12-16.04.41:307][  0]LoadingProfiler: Initialize
[2024.03.12-16.04.41:308][  0]LoadingProfiler: OnSessionChanged
[2024.03.12-16.04.41:308][  0]NetworkingProfiler: Initialize
[2024.03.12-16.04.41:308][  0]NetworkingProfiler: OnSessionChanged
[2024.03.12-16.04.41:308][  0]MemoryProfiler: Initialize
[2024.03.12-16.04.41:308][  0]MemoryProfiler: OnSessionChanged
[2024.03.12-16.04.41:365][  0]LogVSAccessor: Display: Unable to create Visual Studio setup instance: 80040154
[2024.03.12-16.04.41:365][  0]LogVSAccessor: Display: Unable to create Visual Studio setup instance: 80040154
[2024.03.12-16.04.41:365][  0]LogVSAccessor: Display: Unable to create Visual Studio setup instance: 80040154
[2024.03.12-16.04.41:447][  0]LogCook: Display: CookSettings for Memory: MemoryMaxUsedVirtual 0MiB, MemoryMaxUsedPhysical 16384MiB, MemoryMinFreeVirtual 0MiB, MemoryMinFreePhysical 1024MiB
[2024.03.12-16.04.41:447][  0]LogCook: Display: Mobile HDR setting 1
[2024.03.12-16.04.41:638][  0]LogFileCache: Scanning file cache for directory 'D:/Work/3th Year/Semester 2/AGD/DragonDefender/Content/' took 0.04s
[2024.03.12-16.04.41:818][  0]LogInit: Display: Engine is initialized. Leaving FEngineLoop::Init()
[2024.03.12-16.04.41:821][  0]SourceControl: Source control is disabled
[2024.03.12-16.04.41:821][  0]LogUnrealEdMisc: Loading editor; pre map load, took 7.074
[2024.03.12-16.04.41:821][  0]Cmd: MAP LOAD FILE="../../../../Work/3th Year/Semester 2/AGD/DragonDefender/Content/Maps/GameMap.umap" TEMPLATE=0 SHOWPROGRESS=1 FEATURELEVEL=3
[2024.03.12-16.04.41:822][  0]LightingResults: New page: Lighting Build
[2024.03.12-16.04.41:823][  0]LogWorld: UWorld::CleanupWorld for Untitled, bSessionEnded=true, bCleanupResources=true
[2024.03.12-16.04.41:823][  0]LogSlate: InvalidateAllWidgets triggered.  All widgets were invalidated
[2024.03.12-16.04.41:823][  0]MapCheck: New page: Map Check
[2024.03.12-16.04.41:823][  0]LightingResults: New page: Lighting Build
[2024.03.12-16.04.41:827][  0]LogAudio: Display: Audio Device unregistered from world 'None'.
[2024.03.12-16.04.41:831][  0]LogUObjectHash: Compacting FUObjectHashTables data took   0.95ms
[2024.03.12-16.04.42:895][  0]LogAudio: Display: Audio Device (ID: 1) registered with world 'GameMap'.
[2024.03.12-16.04.42:896][  0]LogAIModule: Creating AISystem for world GameMap
[2024.03.12-16.04.42:913][  0]LogEditorServer: Finished looking for orphan Actors (0.000 secs)
[2024.03.12-16.04.42:936][  0]LogUObjectHash: Compacting FUObjectHashTables data took   1.33ms
[2024.03.12-16.04.42:936][  0]Cmd: MAP CHECKDEP NOCLEARLOG
[2024.03.12-16.04.42:937][  0]MapCheck: Map check complete: 0 Error(s), 0 Warning(s), took 0.192ms to complete.
[2024.03.12-16.04.42:937][  0]LogFileHelpers: Loading map 'GameMap' took 1.115
[2024.03.12-16.04.42:939][  0]LogUnrealEdMisc: Total Editor Startup Time, took 8.191
[2024.03.12-16.04.43:045][  0]LogSlate: Updating window title bar state: overlay mode, drag disabled, window buttons hidden, title bar hidden
[2024.03.12-16.04.43:051][  0]LogSlate: Updating window title bar state: overlay mode, drag disabled, window buttons hidden, title bar hidden
[2024.03.12-16.04.43:057][  0]LogSlate: Updating window title bar state: overlay mode, drag disabled, window buttons hidden, title bar hidden
[2024.03.12-16.04.43:063][  0]LogSlate: Updating window title bar state: overlay mode, drag disabled, window buttons hidden, title bar hidden
[2024.03.12-16.04.43:078][  0]LogNativeClassHierarchy: Verbose: Native class hierarchy populated in 0.0109 seconds. Added 3822 classes and 928 folders.
[2024.03.12-16.04.43:082][  0]LogNativeClassHierarchy: Verbose: Native class hierarchy updated for 'WidgetCarousel' in 0.0003 seconds. Added 0 classes and 0 folders.
[2024.03.12-16.04.43:084][  0]LogPakFile: PakFile PrimaryIndexSize=187
[2024.03.12-16.04.43:084][  0]LogPakFile: PakFile PathHashIndexSize=101
[2024.03.12-16.04.43:084][  0]LogPakFile: PakFile FullDirectoryIndexSize=148
[2024.03.12-16.04.43:084][  0]LogShaderLibrary: Display: ShaderCodeLibraryPakFileMountedCallback: PakFile 'D:/UE_4.27/FeaturePacks/FP_FirstPerson.upack' (chunk index -1, root 'root:/') mounted
[2024.03.12-16.04.43:084][  0]LogShaderLibrary: Display: ShaderCodeLibraryPakFileMountedCallback: pending pak file info (ChunkID:-1 Root:root:/ File:D:/UE_4.27/FeaturePacks/FP_FirstPerson.upack)
[2024.03.12-16.04.43:084][  0]LogPakFile: OnPakFileMounted2Time == 0.000052
[2024.03.12-16.04.43:084][  0]LogPakFile: PakFile PrimaryIndexSize=189
[2024.03.12-16.04.43:084][  0]LogPakFile: PakFile PathHashIndexSize=101
[2024.03.12-16.04.43:084][  0]LogPakFile: PakFile FullDirectoryIndexSize=152
[2024.03.12-16.04.43:084][  0]LogShaderLibrary: Display: ShaderCodeLibraryPakFileMountedCallback: PakFile 'D:/UE_4.27/FeaturePacks/FP_FirstPersonBP.upack' (chunk index -1, root 'root:/') mounted
[2024.03.12-16.04.43:084][  0]LogShaderLibrary: Display: ShaderCodeLibraryPakFileMountedCallback: pending pak file info (ChunkID:-1 Root:root:/ File:D:/UE_4.27/FeaturePacks/FP_FirstPersonBP.upack)
[2024.03.12-16.04.43:085][  0]LogPakFile: OnPakFileMounted2Time == 0.000034
[2024.03.12-16.04.43:085][  0]LogPakFile: PakFile PrimaryIndexSize=191
[2024.03.12-16.04.43:085][  0]LogPakFile: PakFile PathHashIndexSize=101
[2024.03.12-16.04.43:085][  0]LogPakFile: PakFile FullDirectoryIndexSize=160
[2024.03.12-16.04.43:085][  0]LogShaderLibrary: Display: ShaderCodeLibraryPakFileMountedCallback: PakFile 'D:/UE_4.27/FeaturePacks/MobileStarterContent.upack' (chunk index -1, root 'root:/') mounted
[2024.03.12-16.04.43:085][  0]LogShaderLibrary: Display: ShaderCodeLibraryPakFileMountedCallback: pending pak file info (ChunkID:-1 Root:root:/ File:D:/UE_4.27/FeaturePacks/MobileStarterContent.upack)
[2024.03.12-16.04.43:085][  0]LogPakFile: OnPakFileMounted2Time == 0.000030
[2024.03.12-16.04.43:086][  0]LogPakFile: PakFile PrimaryIndexSize=185
[2024.03.12-16.04.43:086][  0]LogPakFile: PakFile PathHashIndexSize=101
[2024.03.12-16.04.43:086][  0]LogPakFile: PakFile FullDirectoryIndexSize=148
[2024.03.12-16.04.43:086][  0]LogShaderLibrary: Display: ShaderCodeLibraryPakFileMountedCallback: PakFile 'D:/UE_4.27/FeaturePacks/StarterContent.upack' (chunk index -1, root 'root:/') mounted
[2024.03.12-16.04.43:086][  0]LogShaderLibrary: Display: ShaderCodeLibraryPakFileMountedCallback: pending pak file info (ChunkID:-1 Root:root:/ File:D:/UE_4.27/FeaturePacks/StarterContent.upack)
[2024.03.12-16.04.43:086][  0]LogPakFile: OnPakFileMounted2Time == 0.000030
[2024.03.12-16.04.43:087][  0]LogPakFile: PakFile PrimaryIndexSize=190
[2024.03.12-16.04.43:087][  0]LogPakFile: PakFile PathHashIndexSize=101
[2024.03.12-16.04.43:087][  0]LogPakFile: PakFile FullDirectoryIndexSize=154
[2024.03.12-16.04.43:087][  0]LogShaderLibrary: Display: ShaderCodeLibraryPakFileMountedCallback: PakFile 'D:/UE_4.27/FeaturePacks/TP_2DSideScroller.upack' (chunk index -1, root 'root:/') mounted
[2024.03.12-16.04.43:087][  0]LogShaderLibrary: Display: ShaderCodeLibraryPakFileMountedCallback: pending pak file info (ChunkID:-1 Root:root:/ File:D:/UE_4.27/FeaturePacks/TP_2DSideScroller.upack)
[2024.03.12-16.04.43:087][  0]LogPakFile: OnPakFileMounted2Time == 0.000029
[2024.03.12-16.04.43:088][  0]LogPakFile: PakFile PrimaryIndexSize=192
[2024.03.12-16.04.43:088][  0]LogPakFile: PakFile PathHashIndexSize=101
[2024.03.12-16.04.43:088][  0]LogPakFile: PakFile FullDirectoryIndexSize=158
[2024.03.12-16.04.43:088][  0]LogShaderLibrary: Display: ShaderCodeLibraryPakFileMountedCallback: PakFile 'D:/UE_4.27/FeaturePacks/TP_2DSideScrollerBP.upack' (chunk index -1, root 'root:/') mounted
[2024.03.12-16.04.43:088][  0]LogShaderLibrary: Display: ShaderCodeLibraryPakFileMountedCallback: pending pak file info (ChunkID:-1 Root:root:/ File:D:/UE_4.27/FeaturePacks/TP_2DSideScrollerBP.upack)
[2024.03.12-16.04.43:088][  0]LogPakFile: OnPakFileMounted2Time == 0.000029
[2024.03.12-16.04.43:088][  0]LogPakFile: PakFile PrimaryIndexSize=182
[2024.03.12-16.04.43:088][  0]LogPakFile: PakFile PathHashIndexSize=101
[2024.03.12-16.04.43:088][  0]LogPakFile: PakFile FullDirectoryIndexSize=138
[2024.03.12-16.04.43:088][  0]LogShaderLibrary: Display: ShaderCodeLibraryPakFileMountedCallback: PakFile 'D:/UE_4.27/FeaturePacks/TP_Flying.upack' (chunk index -1, root 'root:/') mounted
[2024.03.12-16.04.43:088][  0]LogShaderLibrary: Display: ShaderCodeLibraryPakFileMountedCallback: pending pak file info (ChunkID:-1 Root:root:/ File:D:/UE_4.27/FeaturePacks/TP_Flying.upack)
[2024.03.12-16.04.43:088][  0]LogPakFile: OnPakFileMounted2Time == 0.000029
[2024.03.12-16.04.43:089][  0]LogPakFile: PakFile PrimaryIndexSize=184
[2024.03.12-16.04.43:089][  0]LogPakFile: PakFile PathHashIndexSize=101
[2024.03.12-16.04.43:089][  0]LogPakFile: PakFile FullDirectoryIndexSize=142
[2024.03.12-16.04.43:089][  0]LogShaderLibrary: Display: ShaderCodeLibraryPakFileMountedCallback: PakFile 'D:/UE_4.27/FeaturePacks/TP_FlyingBP.upack' (chunk index -1, root 'root:/') mounted
[2024.03.12-16.04.43:089][  0]LogShaderLibrary: Display: ShaderCodeLibraryPakFileMountedCallback: pending pak file info (ChunkID:-1 Root:root:/ File:D:/UE_4.27/FeaturePacks/TP_FlyingBP.upack)
[2024.03.12-16.04.43:089][  0]LogPakFile: OnPakFileMounted2Time == 0.000028
[2024.03.12-16.04.43:090][  0]LogPakFile: PakFile PrimaryIndexSize=188
[2024.03.12-16.04.43:090][  0]LogPakFile: PakFile PathHashIndexSize=101
[2024.03.12-16.04.43:090][  0]LogPakFile: PakFile FullDirectoryIndexSize=150
[2024.03.12-16.04.43:090][  0]LogShaderLibrary: Display: ShaderCodeLibraryPakFileMountedCallback: PakFile 'D:/UE_4.27/FeaturePacks/TP_HandheldARBP.upack' (chunk index -1, root 'root:/') mounted
[2024.03.12-16.04.43:090][  0]LogShaderLibrary: Display: ShaderCodeLibraryPakFileMountedCallback: pending pak file info (ChunkID:-1 Root:root:/ File:D:/UE_4.27/FeaturePacks/TP_HandheldARBP.upack)
[2024.03.12-16.04.43:090][  0]LogPakFile: OnPakFileMounted2Time == 0.000029
[2024.03.12-16.04.43:091][  0]LogPakFile: PakFile PrimaryIndexSize=182
[2024.03.12-16.04.43:091][  0]LogPakFile: PakFile PathHashIndexSize=101
[2024.03.12-16.04.43:091][  0]LogPakFile: PakFile FullDirectoryIndexSize=138
[2024.03.12-16.04.43:091][  0]LogShaderLibrary: Display: ShaderCodeLibraryPakFileMountedCallback: PakFile 'D:/UE_4.27/FeaturePacks/TP_Puzzle.upack' (chunk index -1, root 'root:/') mounted
[2024.03.12-16.04.43:091][  0]LogShaderLibrary: Display: ShaderCodeLibraryPakFileMountedCallback: pending pak file info (ChunkID:-1 Root:root:/ File:D:/UE_4.27/FeaturePacks/TP_Puzzle.upack)
[2024.03.12-16.04.43:091][  0]LogPakFile: OnPakFileMounted2Time == 0.000029
[2024.03.12-16.04.43:092][  0]LogPakFile: PakFile PrimaryIndexSize=184
[2024.03.12-16.04.43:092][  0]LogPakFile: PakFile PathHashIndexSize=101
[2024.03.12-16.04.43:092][  0]LogPakFile: PakFile FullDirectoryIndexSize=142
[2024.03.12-16.04.43:092][  0]LogShaderLibrary: Display: ShaderCodeLibraryPakFileMountedCallback: PakFile 'D:/UE_4.27/FeaturePacks/TP_PuzzleBP.upack' (chunk index -1, root 'root:/') mounted
[2024.03.12-16.04.43:092][  0]LogShaderLibrary: Display: ShaderCodeLibraryPakFileMountedCallback: pending pak file info (ChunkID:-1 Root:root:/ File:D:/UE_4.27/FeaturePacks/TP_PuzzleBP.upack)
[2024.03.12-16.04.43:092][  0]LogPakFile: OnPakFileMounted2Time == 0.000030
[2024.03.12-16.04.43:092][  0]LogPakFile: PakFile PrimaryIndexSize=183
[2024.03.12-16.04.43:092][  0]LogPakFile: PakFile PathHashIndexSize=101
[2024.03.12-16.04.43:092][  0]LogPakFile: PakFile FullDirectoryIndexSize=140
[2024.03.12-16.04.43:092][  0]LogShaderLibrary: Display: ShaderCodeLibraryPakFileMountedCallback: PakFile 'D:/UE_4.27/FeaturePacks/TP_Rolling.upack' (chunk index -1, root 'root:/') mounted
[2024.03.12-16.04.43:093][  0]LogShaderLibrary: Display: ShaderCodeLibraryPakFileMountedCallback: pending pak file info (ChunkID:-1 Root:root:/ File:D:/UE_4.27/FeaturePacks/TP_Rolling.upack)
[2024.03.12-16.04.43:093][  0]LogPakFile: OnPakFileMounted2Time == 0.000030
[2024.03.12-16.04.43:093][  0]LogPakFile: PakFile PrimaryIndexSize=185
[2024.03.12-16.04.43:093][  0]LogPakFile: PakFile PathHashIndexSize=101
[2024.03.12-16.04.43:093][  0]LogPakFile: PakFile FullDirectoryIndexSize=144
[2024.03.12-16.04.43:093][  0]LogShaderLibrary: Display: ShaderCodeLibraryPakFileMountedCallback: PakFile 'D:/UE_4.27/FeaturePacks/TP_RollingBP.upack' (chunk index -1, root 'root:/') mounted
[2024.03.12-16.04.43:093][  0]LogShaderLibrary: Display: ShaderCodeLibraryPakFileMountedCallback: pending pak file info (ChunkID:-1 Root:root:/ File:D:/UE_4.27/FeaturePacks/TP_RollingBP.upack)
[2024.03.12-16.04.43:093][  0]LogPakFile: OnPakFileMounted2Time == 0.000033
[2024.03.12-16.04.43:094][  0]LogPakFile: PakFile PrimaryIndexSize=188
[2024.03.12-16.04.43:094][  0]LogPakFile: PakFile PathHashIndexSize=101
[2024.03.12-16.04.43:094][  0]LogPakFile: PakFile FullDirectoryIndexSize=150
[2024.03.12-16.04.43:094][  0]LogShaderLibrary: Display: ShaderCodeLibraryPakFileMountedCallback: PakFile 'D:/UE_4.27/FeaturePacks/TP_SideScroller.upack' (chunk index -1, root 'root:/') mounted
[2024.03.12-16.04.43:094][  0]LogShaderLibrary: Display: ShaderCodeLibraryPakFileMountedCallback: pending pak file info (ChunkID:-1 Root:root:/ File:D:/UE_4.27/FeaturePacks/TP_SideScroller.upack)
[2024.03.12-16.04.43:094][  0]LogPakFile: OnPakFileMounted2Time == 0.000029
[2024.03.12-16.04.43:095][  0]LogPakFile: PakFile PrimaryIndexSize=190
[2024.03.12-16.04.43:095][  0]LogPakFile: PakFile PathHashIndexSize=101
[2024.03.12-16.04.43:095][  0]LogPakFile: PakFile FullDirectoryIndexSize=154
[2024.03.12-16.04.43:095][  0]LogShaderLibrary: Display: ShaderCodeLibraryPakFileMountedCallback: PakFile 'D:/UE_4.27/FeaturePacks/TP_SideScrollerBP.upack' (chunk index -1, root 'root:/') mounted
[2024.03.12-16.04.43:095][  0]LogShaderLibrary: Display: ShaderCodeLibraryPakFileMountedCallback: pending pak file info (ChunkID:-1 Root:root:/ File:D:/UE_4.27/FeaturePacks/TP_SideScrollerBP.upack)
[2024.03.12-16.04.43:095][  0]LogPakFile: OnPakFileMounted2Time == 0.000029
[2024.03.12-16.04.43:096][  0]LogPakFile: PakFile PrimaryIndexSize=187
[2024.03.12-16.04.43:096][  0]LogPakFile: PakFile PathHashIndexSize=101
[2024.03.12-16.04.43:096][  0]LogPakFile: PakFile FullDirectoryIndexSize=148
[2024.03.12-16.04.43:096][  0]LogShaderLibrary: Display: ShaderCodeLibraryPakFileMountedCallback: PakFile 'D:/UE_4.27/FeaturePacks/TP_ThirdPerson.upack' (chunk index -1, root 'root:/') mounted
[2024.03.12-16.04.43:096][  0]LogShaderLibrary: Display: ShaderCodeLibraryPakFileMountedCallback: pending pak file info (ChunkID:-1 Root:root:/ File:D:/UE_4.27/FeaturePacks/TP_ThirdPerson.upack)
[2024.03.12-16.04.43:096][  0]LogPakFile: OnPakFileMounted2Time == 0.000029
[2024.03.12-16.04.43:096][  0]LogPakFile: PakFile PrimaryIndexSize=189
[2024.03.12-16.04.43:096][  0]LogPakFile: PakFile PathHashIndexSize=101
[2024.03.12-16.04.43:096][  0]LogPakFile: PakFile FullDirectoryIndexSize=152
[2024.03.12-16.04.43:096][  0]LogShaderLibrary: Display: ShaderCodeLibraryPakFileMountedCallback: PakFile 'D:/UE_4.27/FeaturePacks/TP_ThirdPersonBP.upack' (chunk index -1, root 'root:/') mounted
[2024.03.12-16.04.43:097][  0]LogShaderLibrary: Display: ShaderCodeLibraryPakFileMountedCallback: pending pak file info (ChunkID:-1 Root:root:/ File:D:/UE_4.27/FeaturePacks/TP_ThirdPersonBP.upack)
[2024.03.12-16.04.43:097][  0]LogPakFile: OnPakFileMounted2Time == 0.000031
[2024.03.12-16.04.43:097][  0]LogPakFile: PakFile PrimaryIndexSize=183
[2024.03.12-16.04.43:097][  0]LogPakFile: PakFile PathHashIndexSize=101
[2024.03.12-16.04.43:097][  0]LogPakFile: PakFile FullDirectoryIndexSize=140
[2024.03.12-16.04.43:097][  0]LogShaderLibrary: Display: ShaderCodeLibraryPakFileMountedCallback: PakFile 'D:/UE_4.27/FeaturePacks/TP_TopDown.upack' (chunk index -1, root 'root:/') mounted
[2024.03.12-16.04.43:097][  0]LogShaderLibrary: Display: ShaderCodeLibraryPakFileMountedCallback: pending pak file info (ChunkID:-1 Root:root:/ File:D:/UE_4.27/FeaturePacks/TP_TopDown.upack)
[2024.03.12-16.04.43:097][  0]LogPakFile: OnPakFileMounted2Time == 0.000035
[2024.03.12-16.04.43:098][  0]LogPakFile: PakFile PrimaryIndexSize=185
[2024.03.12-16.04.43:098][  0]LogPakFile: PakFile PathHashIndexSize=101
[2024.03.12-16.04.43:098][  0]LogPakFile: PakFile FullDirectoryIndexSize=144
[2024.03.12-16.04.43:098][  0]LogShaderLibrary: Display: ShaderCodeLibraryPakFileMountedCallback: PakFile 'D:/UE_4.27/FeaturePacks/TP_TopDownBP.upack' (chunk index -1, root 'root:/') mounted
[2024.03.12-16.04.43:098][  0]LogShaderLibrary: Display: ShaderCodeLibraryPakFileMountedCallback: pending pak file info (ChunkID:-1 Root:root:/ File:D:/UE_4.27/FeaturePacks/TP_TopDownBP.upack)
[2024.03.12-16.04.43:098][  0]LogPakFile: OnPakFileMounted2Time == 0.000032
[2024.03.12-16.04.43:099][  0]LogPakFile: PakFile PrimaryIndexSize=185
[2024.03.12-16.04.43:099][  0]LogPakFile: PakFile PathHashIndexSize=101
[2024.03.12-16.04.43:099][  0]LogPakFile: PakFile FullDirectoryIndexSize=144
[2024.03.12-16.04.43:099][  0]LogShaderLibrary: Display: ShaderCodeLibraryPakFileMountedCallback: PakFile 'D:/UE_4.27/FeaturePacks/TP_TwinStick.upack' (chunk index -1, root 'root:/') mounted
[2024.03.12-16.04.43:099][  0]LogShaderLibrary: Display: ShaderCodeLibraryPakFileMountedCallback: pending pak file info (ChunkID:-1 Root:root:/ File:D:/UE_4.27/FeaturePacks/TP_TwinStick.upack)
[2024.03.12-16.04.43:099][  0]LogPakFile: OnPakFileMounted2Time == 0.000031
[2024.03.12-16.04.43:100][  0]LogPakFile: PakFile PrimaryIndexSize=187
[2024.03.12-16.04.43:100][  0]LogPakFile: PakFile PathHashIndexSize=101
[2024.03.12-16.04.43:100][  0]LogPakFile: PakFile FullDirectoryIndexSize=148
[2024.03.12-16.04.43:100][  0]LogShaderLibrary: Display: ShaderCodeLibraryPakFileMountedCallback: PakFile 'D:/UE_4.27/FeaturePacks/TP_TwinStickBP.upack' (chunk index -1, root 'root:/') mounted
[2024.03.12-16.04.43:100][  0]LogShaderLibrary: Display: ShaderCodeLibraryPakFileMountedCallback: pending pak file info (ChunkID:-1 Root:root:/ File:D:/UE_4.27/FeaturePacks/TP_TwinStickBP.upack)
[2024.03.12-16.04.43:100][  0]LogPakFile: OnPakFileMounted2Time == 0.000029
[2024.03.12-16.04.43:100][  0]LogPakFile: PakFile PrimaryIndexSize=183
[2024.03.12-16.04.43:100][  0]LogPakFile: PakFile PathHashIndexSize=101
[2024.03.12-16.04.43:100][  0]LogPakFile: PakFile FullDirectoryIndexSize=140
[2024.03.12-16.04.43:100][  0]LogShaderLibrary: Display: ShaderCodeLibraryPakFileMountedCallback: PakFile 'D:/UE_4.27/FeaturePacks/TP_Vehicle.upack' (chunk index -1, root 'root:/') mounted
[2024.03.12-16.04.43:100][  0]LogShaderLibrary: Display: ShaderCodeLibraryPakFileMountedCallback: pending pak file info (ChunkID:-1 Root:root:/ File:D:/UE_4.27/FeaturePacks/TP_Vehicle.upack)
[2024.03.12-16.04.43:100][  0]LogPakFile: OnPakFileMounted2Time == 0.000029
[2024.03.12-16.04.43:101][  0]LogPakFile: PakFile PrimaryIndexSize=186
[2024.03.12-16.04.43:101][  0]LogPakFile: PakFile PathHashIndexSize=101
[2024.03.12-16.04.43:101][  0]LogPakFile: PakFile FullDirectoryIndexSize=146
[2024.03.12-16.04.43:101][  0]LogShaderLibrary: Display: ShaderCodeLibraryPakFileMountedCallback: PakFile 'D:/UE_4.27/FeaturePacks/TP_VehicleAdv.upack' (chunk index -1, root 'root:/') mounted
[2024.03.12-16.04.43:101][  0]LogShaderLibrary: Display: ShaderCodeLibraryPakFileMountedCallback: pending pak file info (ChunkID:-1 Root:root:/ File:D:/UE_4.27/FeaturePacks/TP_VehicleAdv.upack)
[2024.03.12-16.04.43:101][  0]LogPakFile: OnPakFileMounted2Time == 0.000030
[2024.03.12-16.04.43:102][  0]LogPakFile: PakFile PrimaryIndexSize=188
[2024.03.12-16.04.43:102][  0]LogPakFile: PakFile PathHashIndexSize=101
[2024.03.12-16.04.43:102][  0]LogPakFile: PakFile FullDirectoryIndexSize=150
[2024.03.12-16.04.43:102][  0]LogShaderLibrary: Display: ShaderCodeLibraryPakFileMountedCallback: PakFile 'D:/UE_4.27/FeaturePacks/TP_VehicleAdvBP.upack' (chunk index -1, root 'root:/') mounted
[2024.03.12-16.04.43:102][  0]LogShaderLibrary: Display: ShaderCodeLibraryPakFileMountedCallback: pending pak file info (ChunkID:-1 Root:root:/ File:D:/UE_4.27/FeaturePacks/TP_VehicleAdvBP.upack)
[2024.03.12-16.04.43:102][  0]LogPakFile: OnPakFileMounted2Time == 0.000029
[2024.03.12-16.04.43:103][  0]LogPakFile: PakFile PrimaryIndexSize=185
[2024.03.12-16.04.43:103][  0]LogPakFile: PakFile PathHashIndexSize=101
[2024.03.12-16.04.43:103][  0]LogPakFile: PakFile FullDirectoryIndexSize=144
[2024.03.12-16.04.43:103][  0]LogShaderLibrary: Display: ShaderCodeLibraryPakFileMountedCallback: PakFile 'D:/UE_4.27/FeaturePacks/TP_VehicleBP.upack' (chunk index -1, root 'root:/') mounted
[2024.03.12-16.04.43:103][  0]LogShaderLibrary: Display: ShaderCodeLibraryPakFileMountedCallback: pending pak file info (ChunkID:-1 Root:root:/ File:D:/UE_4.27/FeaturePacks/TP_VehicleBP.upack)
[2024.03.12-16.04.43:103][  0]LogPakFile: OnPakFileMounted2Time == 0.000032
[2024.03.12-16.04.43:104][  0]LogPakFile: PakFile PrimaryIndexSize=192
[2024.03.12-16.04.43:104][  0]LogPakFile: PakFile PathHashIndexSize=101
[2024.03.12-16.04.43:104][  0]LogPakFile: PakFile FullDirectoryIndexSize=158
[2024.03.12-16.04.43:104][  0]LogShaderLibrary: Display: ShaderCodeLibraryPakFileMountedCallback: PakFile 'D:/UE_4.27/FeaturePacks/TP_VirtualRealityBP.upack' (chunk index -1, root 'root:/') mounted
[2024.03.12-16.04.43:104][  0]LogShaderLibrary: Display: ShaderCodeLibraryPakFileMountedCallback: pending pak file info (ChunkID:-1 Root:root:/ File:D:/UE_4.27/FeaturePacks/TP_VirtualRealityBP.upack)
[2024.03.12-16.04.43:104][  0]LogPakFile: OnPakFileMounted2Time == 0.000030
[2024.03.12-16.04.43:174][  0]LogNativeClassHierarchy: Verbose: Native class hierarchy updated for 'AddContentDialog' in 0.0004 seconds. Added 0 classes and 0 folders.
[2024.03.12-16.04.43:176][  0]LogNativeClassHierarchy: Verbose: Native class hierarchy updated for 'SceneOutliner' in 0.0002 seconds. Added 2 classes and 0 folders.
[2024.03.12-16.04.43:235][  0]LogSlate: Took 0.000242 seconds to synchronously load lazily loaded font '../../../Engine/Content/Slate/Fonts/Roboto-Regular.ttf' (155K)
[2024.03.12-16.04.43:236][  0]LogSlate: Took 0.000158 seconds to synchronously load lazily loaded font '../../../Engine/Content/Editor/Slate/Fonts/FontAwesome.ttf' (139K)
[2024.03.12-16.04.43:237][  0]LogSlate: Took 0.000173 seconds to synchronously load lazily loaded font '../../../Engine/Content/Slate/Fonts/Roboto-Bold.ttf' (160K)
[2024.03.12-16.04.43:328][  0]LogRenderer: Reallocating scene render targets to support 1208x580 Format 10 NumSamples 1 (Frame:1).
[2024.03.12-16.04.43:774][  0]LogSlate: Took 0.000293 seconds to synchronously load lazily loaded font '../../../Engine/Content/Slate/Fonts/Roboto-Light.ttf' (167K)
[2024.03.12-16.04.43:844][  0]LogNativeClassHierarchy: Verbose: Native class hierarchy updated for 'HierarchicalLODOutliner' in 0.0003 seconds. Added 0 classes and 0 folders.
[2024.03.12-16.04.43:844][  0]LogInput: Warning: Action Jump uses invalid key OculusGo_Left_Trigger_Click.
[2024.03.12-16.04.43:844][  0]LogInput: Warning: Use -RemoveInvalidKeys to remove instances of these keys from the action mapping.
[2024.03.12-16.04.43:844][  0]LogLoad: (Engine Initialization) Total time: 9.10 seconds
[2024.03.12-16.04.43:844][  0]LogLoad: (Engine Initialization) Total Blueprint compile time: 0.00 seconds
[2024.03.12-16.04.43:904][  0]LogContentStreaming: Texture pool size now 1000 MB
[2024.03.12-16.04.43:922][  1]LogFileCache: Retrieving MD5 hashes for directory 'D:/Work/3th Year/Semester 2/AGD/DragonDefender/Content/' took 0.06s
[2024.03.12-16.04.43:954][  1]LogAssetRegistry: Asset discovery search completed in 5.6799 seconds
[2024.03.12-16.04.43:961][  1]LogCollectionManager: Fixed up redirectors for 0 collections in 0.000004 seconds (updated 0 objects)
[2024.03.12-16.05.47:966][ 35]LogSlate: Took 0.000293 seconds to synchronously load lazily loaded font '../../../Engine/Content/Slate/Fonts/Roboto-Light.ttf' (167K)
[2024.03.12-16.05.47:982][ 35]LogAssetEditorSubsystem: Opening Asset editor for NiagaraSystem /Game/VFX/NS_Blood.NS_Blood
[2024.03.12-16.05.48:264][ 35]LogTexture: Default maximum texture size for cubemaps generated from long-lat sources has been changed from 512 to unlimited. In order to preserve old behaiour for '/Engine/EditorMaterials/AssetViewer/EpicQuadPanorama_CC+EV1.EpicQuadPanorama_CC+EV1', its maximum texture size has been explicitly set to 512.
[2024.03.12-16.05.48:342][ 35]LogTexture: Default maximum texture size for cubemaps generated from long-lat sources has been changed from 512 to unlimited. In order to preserve old behaiour for '/Engine/MapTemplates/Sky/SunsetAmbientCubemap.SunsetAmbientCubemap', its maximum texture size has been explicitly set to 512.
[2024.03.12-16.05.48:645][ 35]LogSlate: Took 0.000412 seconds to synchronously load lazily loaded font '../../../Engine/Content/Slate/Fonts/Roboto-BoldCondensed.ttf' (158K)
[2024.03.12-16.05.48:676][ 35]LogRenderer: Reallocating scene render targets to support 1208x672 Format 10 NumSamples 1 (Frame:1).
[2024.03.12-16.05.48:676][ 35]LogSlate: Took 0.000401 seconds to synchronously load lazily loaded font '../../../Engine/Content/Slate/Fonts/Roboto-Italic.ttf' (157K)
[2024.03.12-16.05.48:983][ 43]35776_NS_Blood_MessageLog: System successfully compiled.
[2024.03.12-16.05.56:798][425]LogSlate: Window 'NS_Blood' being destroyed
[2024.03.12-16.05.56:805][425]LogSlate: Window 'NS_Blood' being destroyed
[2024.03.12-16.05.56:831][425]LogWorld: UWorld::CleanupWorld for World_1, bSessionEnded=true, bCleanupResources=true
[2024.03.12-16.05.56:831][425]LogSlate: InvalidateAllWidgets triggered.  All widgets were invalidated
[2024.03.12-16.05.56:836][425]LogWorld: UWorld::CleanupWorld for World_2, bSessionEnded=true, bCleanupResources=true
[2024.03.12-16.05.56:836][425]LogSlate: InvalidateAllWidgets triggered.  All widgets were invalidated
[2024.03.12-16.05.56:864][425]LogUObjectHash: Compacting FUObjectHashTables data took   1.14ms
[2024.03.12-16.05.58:217][496]LogShaderCompilers: Display: Submitted 1 shader compile jobs with 'Normal' priority
[2024.03.12-16.05.58:226][496]LogShaderCompilers: Display: Worker (1/9): shaders left to compile 1
[2024.03.12-16.05.58:226][496]LogShaderCompilers: Display: Started 1 'Local' shader compile jobs with 'Normal' priority
[2024.03.12-16.05.58:226][496]LogShaderCompilers: Display: Submitted 1 shader compile jobs with 'Normal' priority
[2024.03.12-16.05.58:230][496]LogShaderCompilers: Display: Submitted 1 shader compile jobs with 'Normal' priority
[2024.03.12-16.05.58:238][496]LogShaderCompilers: Display: Worker (2/9): shaders left to compile 2
[2024.03.12-16.05.58:238][496]LogShaderCompilers: Display: Worker (3/9): shaders left to compile 1
[2024.03.12-16.05.58:238][496]LogShaderCompilers: Display: Started 2 'Local' shader compile jobs with 'Normal' priority
[2024.03.12-16.05.58:238][496]LogShaderCompilers: Display: Submitted 1 shader compile jobs with 'Normal' priority
[2024.03.12-16.05.58:241][496]LogShaderCompilers: Display: Worker (4/9): shaders left to compile 1
[2024.03.12-16.05.58:241][496]LogShaderCompilers: Display: Started 1 'Local' shader compile jobs with 'Normal' priority
[2024.03.12-16.05.58:268][496]LogAssetEditorSubsystem: Opening Asset editor for NiagaraSystem /Game/VFX/NS_SkeletonMesh.NS_SkeletonMesh
[2024.03.12-16.05.58:796][496]LogNiagara: Compiling System NiagaraSystem /Game/VFX/NS_SkeletonMesh.NS_SkeletonMesh took 0.732820 sec (time since issued), 2.254100 sec (combined shader worker time).
[2024.03.12-16.05.59:715][502]37203_NS_SkeletonMesh_MessageLog: System successfully compiled.
[2024.03.12-16.06.00:820][509]LogSlate: Window 'NS_SkeletonMesh' being destroyed
[2024.03.12-16.06.01:071][509]LogSlate: Window 'NS_SkeletonMesh' being destroyed
[2024.03.12-16.06.01:086][509]LogWorld: UWorld::CleanupWorld for World_4, bSessionEnded=true, bCleanupResources=true
[2024.03.12-16.06.01:086][509]LogSlate: InvalidateAllWidgets triggered.  All widgets were invalidated
[2024.03.12-16.06.01:091][509]LogWorld: UWorld::CleanupWorld for World_5, bSessionEnded=true, bCleanupResources=true
[2024.03.12-16.06.01:091][509]LogSlate: InvalidateAllWidgets triggered.  All widgets were invalidated
[2024.03.12-16.06.01:124][509]LogUObjectHash: Compacting FUObjectHashTables data took   1.16ms
